{"numFailedTestSuites":4,"numFailedTests":76,"numPassedTestSuites":0,"numPassedTests":0,"numPendingTestSuites":0,"numPendingTests":0,"numRuntimeErrorTestSuites":0,"numTodoTests":0,"numTotalTestSuites":4,"numTotalTests":76,"openHandles":[],"snapshot":{"added":0,"didUpdate":false,"failure":false,"filesAdded":0,"filesRemoved":0,"filesRemovedList":[],"filesUnmatched":0,"filesUpdated":0,"matched":0,"total":0,"unchecked":0,"uncheckedKeysByFile":[],"unmatched":0,"updated":0},"startTime":1750967368696,"success":false,"testResults":[{"assertionResults":[{"ancestorTitles":["Auth Routes","POST /api/auth/register"],"duration":3,"failing":false,"failureDetails":[{"query":"INSERT INTO \"users\"(\"id\", \"email\", \"username\", \"password\", \"role\", \"isGuest\", \"avatar_url\", \"createdAt\", \"updatedAt\", \"fullName\", \"phone\", \"latitude\", \"longitude\", \"type\") VALUES (DEFAULT, $1, $2, $3, $4, $5, DEFAULT, DEFAULT, DEFAULT, $6, $7, $8, $9, $10) RETURNING \"id\", \"isGuest\", \"createdAt\", \"updatedAt\"","parameters":["test_client_1@test.com","test_client_1","$2b$12$MxV4iMCOG4VSQB3iFV277O.FvY.IZs.64jRlRoqPBMTyZBfLGDlnO","client",false,"Test Client 1","+79000000001",55.7558,37.6176,"client"],"driverError":{"length":268,"name":"error","severity":"ОШИБКА","code":"22003","detail":"Поле с точностью 3, порядком 2 должно округляться до абсолютного значения меньше чем 10^1.","file":"numeric.c","line":"7987","routine":"apply_typmod"},"length":268,"severity":"ОШИБКА","code":"22003","detail":"Поле с точностью 3, порядком 2 должно округляться до абсолютного значения меньше чем 10^1.","file":"numeric.c","line":"7987","routine":"apply_typmod"}],"failureMessages":["QueryFailedError: переполнение поля numeric\n    at PostgresQueryRunner.query (D:\\code\\nogotochki\\server\\src\\driver\\postgres\\PostgresQueryRunner.ts:325:19)\n    at processTicksAndRejections (node:internal/process/task_queues:105:5)\n    at InsertQueryBuilder.execute (D:\\code\\nogotochki\\server\\src\\query-builder\\InsertQueryBuilder.ts:164:33)\n    at SubjectExecutor.executeInsertOperations (D:\\code\\nogotochki\\server\\src\\persistence\\SubjectExecutor.ts:435:42)\n    at SubjectExecutor.execute (D:\\code\\nogotochki\\server\\src\\persistence\\SubjectExecutor.ts:137:9)\n    at EntityPersistExecutor.execute (D:\\code\\nogotochki\\server\\src\\persistence\\EntityPersistExecutor.ts:182:21)\n    at Function.createTestClient (D:\\code\\nogotochki\\server\\src\\__tests__\\helpers\\test.helper.ts:35:24)\n    at Object.<anonymous> (D:\\code\\nogotochki\\server\\src\\__tests__\\auth.test.ts:13:18)"],"fullName":"Auth Routes POST /api/auth/register должен зарегистрировать нового клиента","invocations":1,"location":null,"numPassingAsserts":0,"retryReasons":[],"startAt":1750967372994,"status":"failed","title":"должен зарегистрировать нового клиента"},{"ancestorTitles":["Auth Routes","POST /api/auth/register"],"duration":0,"failing":false,"failureDetails":[{"query":"INSERT INTO \"users\"(\"id\", \"email\", \"username\", \"password\", \"role\", \"isGuest\", \"avatar_url\", \"createdAt\", \"updatedAt\", \"fullName\", \"phone\", \"latitude\", \"longitude\", \"type\") VALUES (DEFAULT, $1, $2, $3, $4, $5, DEFAULT, DEFAULT, DEFAULT, $6, $7, $8, $9, $10) RETURNING \"id\", \"isGuest\", \"createdAt\", \"updatedAt\"","parameters":["test_client_1@test.com","test_client_1","$2b$12$MxV4iMCOG4VSQB3iFV277O.FvY.IZs.64jRlRoqPBMTyZBfLGDlnO","client",false,"Test Client 1","+79000000001",55.7558,37.6176,"client"],"driverError":{"length":268,"name":"error","severity":"ОШИБКА","code":"22003","detail":"Поле с точностью 3, порядком 2 должно округляться до абсолютного значения меньше чем 10^1.","file":"numeric.c","line":"7987","routine":"apply_typmod"},"length":268,"severity":"ОШИБКА","code":"22003","detail":"Поле с точностью 3, порядком 2 должно округляться до абсолютного значения меньше чем 10^1.","file":"numeric.c","line":"7987","routine":"apply_typmod"}],"failureMessages":["QueryFailedError: переполнение поля numeric\n    at PostgresQueryRunner.query (D:\\code\\nogotochki\\server\\src\\driver\\postgres\\PostgresQueryRunner.ts:325:19)\n    at processTicksAndRejections (node:internal/process/task_queues:105:5)\n    at InsertQueryBuilder.execute (D:\\code\\nogotochki\\server\\src\\query-builder\\InsertQueryBuilder.ts:164:33)\n    at SubjectExecutor.executeInsertOperations (D:\\code\\nogotochki\\server\\src\\persistence\\SubjectExecutor.ts:435:42)\n    at SubjectExecutor.execute (D:\\code\\nogotochki\\server\\src\\persistence\\SubjectExecutor.ts:137:9)\n    at EntityPersistExecutor.execute (D:\\code\\nogotochki\\server\\src\\persistence\\EntityPersistExecutor.ts:182:21)\n    at Function.createTestClient (D:\\code\\nogotochki\\server\\src\\__tests__\\helpers\\test.helper.ts:35:24)\n    at Object.<anonymous> (D:\\code\\nogotochki\\server\\src\\__tests__\\auth.test.ts:13:18)"],"fullName":"Auth Routes POST /api/auth/register должен зарегистрировать нового мастера","invocations":1,"location":null,"numPassingAsserts":0,"retryReasons":[],"startAt":1750967373054,"status":"failed","title":"должен зарегистрировать нового мастера"},{"ancestorTitles":["Auth Routes","POST /api/auth/register"],"duration":0,"failing":false,"failureDetails":[{"query":"INSERT INTO \"users\"(\"id\", \"email\", \"username\", \"password\", \"role\", \"isGuest\", \"avatar_url\", \"createdAt\", \"updatedAt\", \"fullName\", \"phone\", \"latitude\", \"longitude\", \"type\") VALUES (DEFAULT, $1, $2, $3, $4, $5, DEFAULT, DEFAULT, DEFAULT, $6, $7, $8, $9, $10) RETURNING \"id\", \"isGuest\", \"createdAt\", \"updatedAt\"","parameters":["test_client_1@test.com","test_client_1","$2b$12$MxV4iMCOG4VSQB3iFV277O.FvY.IZs.64jRlRoqPBMTyZBfLGDlnO","client",false,"Test Client 1","+79000000001",55.7558,37.6176,"client"],"driverError":{"length":268,"name":"error","severity":"ОШИБКА","code":"22003","detail":"Поле с точностью 3, порядком 2 должно округляться до абсолютного значения меньше чем 10^1.","file":"numeric.c","line":"7987","routine":"apply_typmod"},"length":268,"severity":"ОШИБКА","code":"22003","detail":"Поле с точностью 3, порядком 2 должно округляться до абсолютного значения меньше чем 10^1.","file":"numeric.c","line":"7987","routine":"apply_typmod"}],"failureMessages":["QueryFailedError: переполнение поля numeric\n    at PostgresQueryRunner.query (D:\\code\\nogotochki\\server\\src\\driver\\postgres\\PostgresQueryRunner.ts:325:19)\n    at processTicksAndRejections (node:internal/process/task_queues:105:5)\n    at InsertQueryBuilder.execute (D:\\code\\nogotochki\\server\\src\\query-builder\\InsertQueryBuilder.ts:164:33)\n    at SubjectExecutor.executeInsertOperations (D:\\code\\nogotochki\\server\\src\\persistence\\SubjectExecutor.ts:435:42)\n    at SubjectExecutor.execute (D:\\code\\nogotochki\\server\\src\\persistence\\SubjectExecutor.ts:137:9)\n    at EntityPersistExecutor.execute (D:\\code\\nogotochki\\server\\src\\persistence\\EntityPersistExecutor.ts:182:21)\n    at Function.createTestClient (D:\\code\\nogotochki\\server\\src\\__tests__\\helpers\\test.helper.ts:35:24)\n    at Object.<anonymous> (D:\\code\\nogotochki\\server\\src\\__tests__\\auth.test.ts:13:18)"],"fullName":"Auth Routes POST /api/auth/register должен отклонить регистрацию с дублирующимся email","invocations":1,"location":null,"numPassingAsserts":0,"retryReasons":[],"startAt":1750967373054,"status":"failed","title":"должен отклонить регистрацию с дублирующимся email"},{"ancestorTitles":["Auth Routes","POST /api/auth/register"],"duration":1,"failing":false,"failureDetails":[{"query":"INSERT INTO \"users\"(\"id\", \"email\", \"username\", \"password\", \"role\", \"isGuest\", \"avatar_url\", \"createdAt\", \"updatedAt\", \"fullName\", \"phone\", \"latitude\", \"longitude\", \"type\") VALUES (DEFAULT, $1, $2, $3, $4, $5, DEFAULT, DEFAULT, DEFAULT, $6, $7, $8, $9, $10) RETURNING \"id\", \"isGuest\", \"createdAt\", \"updatedAt\"","parameters":["test_client_1@test.com","test_client_1","$2b$12$MxV4iMCOG4VSQB3iFV277O.FvY.IZs.64jRlRoqPBMTyZBfLGDlnO","client",false,"Test Client 1","+79000000001",55.7558,37.6176,"client"],"driverError":{"length":268,"name":"error","severity":"ОШИБКА","code":"22003","detail":"Поле с точностью 3, порядком 2 должно округляться до абсолютного значения меньше чем 10^1.","file":"numeric.c","line":"7987","routine":"apply_typmod"},"length":268,"severity":"ОШИБКА","code":"22003","detail":"Поле с точностью 3, порядком 2 должно округляться до абсолютного значения меньше чем 10^1.","file":"numeric.c","line":"7987","routine":"apply_typmod"}],"failureMessages":["QueryFailedError: переполнение поля numeric\n    at PostgresQueryRunner.query (D:\\code\\nogotochki\\server\\src\\driver\\postgres\\PostgresQueryRunner.ts:325:19)\n    at processTicksAndRejections (node:internal/process/task_queues:105:5)\n    at InsertQueryBuilder.execute (D:\\code\\nogotochki\\server\\src\\query-builder\\InsertQueryBuilder.ts:164:33)\n    at SubjectExecutor.executeInsertOperations (D:\\code\\nogotochki\\server\\src\\persistence\\SubjectExecutor.ts:435:42)\n    at SubjectExecutor.execute (D:\\code\\nogotochki\\server\\src\\persistence\\SubjectExecutor.ts:137:9)\n    at EntityPersistExecutor.execute (D:\\code\\nogotochki\\server\\src\\persistence\\EntityPersistExecutor.ts:182:21)\n    at Function.createTestClient (D:\\code\\nogotochki\\server\\src\\__tests__\\helpers\\test.helper.ts:35:24)\n    at Object.<anonymous> (D:\\code\\nogotochki\\server\\src\\__tests__\\auth.test.ts:13:18)"],"fullName":"Auth Routes POST /api/auth/register должен отклонить регистрацию без обязательных полей","invocations":1,"location":null,"numPassingAsserts":0,"retryReasons":[],"startAt":1750967373054,"status":"failed","title":"должен отклонить регистрацию без обязательных полей"},{"ancestorTitles":["Auth Routes","POST /api/auth/login"],"duration":0,"failing":false,"failureDetails":[{"query":"INSERT INTO \"users\"(\"id\", \"email\", \"username\", \"password\", \"role\", \"isGuest\", \"avatar_url\", \"createdAt\", \"updatedAt\", \"fullName\", \"phone\", \"latitude\", \"longitude\", \"type\") VALUES (DEFAULT, $1, $2, $3, $4, $5, DEFAULT, DEFAULT, DEFAULT, $6, $7, $8, $9, $10) RETURNING \"id\", \"isGuest\", \"createdAt\", \"updatedAt\"","parameters":["test_client_1@test.com","test_client_1","$2b$12$MxV4iMCOG4VSQB3iFV277O.FvY.IZs.64jRlRoqPBMTyZBfLGDlnO","client",false,"Test Client 1","+79000000001",55.7558,37.6176,"client"],"driverError":{"length":268,"name":"error","severity":"ОШИБКА","code":"22003","detail":"Поле с точностью 3, порядком 2 должно округляться до абсолютного значения меньше чем 10^1.","file":"numeric.c","line":"7987","routine":"apply_typmod"},"length":268,"severity":"ОШИБКА","code":"22003","detail":"Поле с точностью 3, порядком 2 должно округляться до абсолютного значения меньше чем 10^1.","file":"numeric.c","line":"7987","routine":"apply_typmod"}],"failureMessages":["QueryFailedError: переполнение поля numeric\n    at PostgresQueryRunner.query (D:\\code\\nogotochki\\server\\src\\driver\\postgres\\PostgresQueryRunner.ts:325:19)\n    at processTicksAndRejections (node:internal/process/task_queues:105:5)\n    at InsertQueryBuilder.execute (D:\\code\\nogotochki\\server\\src\\query-builder\\InsertQueryBuilder.ts:164:33)\n    at SubjectExecutor.executeInsertOperations (D:\\code\\nogotochki\\server\\src\\persistence\\SubjectExecutor.ts:435:42)\n    at SubjectExecutor.execute (D:\\code\\nogotochki\\server\\src\\persistence\\SubjectExecutor.ts:137:9)\n    at EntityPersistExecutor.execute (D:\\code\\nogotochki\\server\\src\\persistence\\EntityPersistExecutor.ts:182:21)\n    at Function.createTestClient (D:\\code\\nogotochki\\server\\src\\__tests__\\helpers\\test.helper.ts:35:24)\n    at Object.<anonymous> (D:\\code\\nogotochki\\server\\src\\__tests__\\auth.test.ts:13:18)"],"fullName":"Auth Routes POST /api/auth/login должен авторизовать клиента по email","invocations":1,"location":null,"numPassingAsserts":0,"retryReasons":[],"startAt":1750967373055,"status":"failed","title":"должен авторизовать клиента по email"},{"ancestorTitles":["Auth Routes","POST /api/auth/login"],"duration":0,"failing":false,"failureDetails":[{"query":"INSERT INTO \"users\"(\"id\", \"email\", \"username\", \"password\", \"role\", \"isGuest\", \"avatar_url\", \"createdAt\", \"updatedAt\", \"fullName\", \"phone\", \"latitude\", \"longitude\", \"type\") VALUES (DEFAULT, $1, $2, $3, $4, $5, DEFAULT, DEFAULT, DEFAULT, $6, $7, $8, $9, $10) RETURNING \"id\", \"isGuest\", \"createdAt\", \"updatedAt\"","parameters":["test_client_1@test.com","test_client_1","$2b$12$MxV4iMCOG4VSQB3iFV277O.FvY.IZs.64jRlRoqPBMTyZBfLGDlnO","client",false,"Test Client 1","+79000000001",55.7558,37.6176,"client"],"driverError":{"length":268,"name":"error","severity":"ОШИБКА","code":"22003","detail":"Поле с точностью 3, порядком 2 должно округляться до абсолютного значения меньше чем 10^1.","file":"numeric.c","line":"7987","routine":"apply_typmod"},"length":268,"severity":"ОШИБКА","code":"22003","detail":"Поле с точностью 3, порядком 2 должно округляться до абсолютного значения меньше чем 10^1.","file":"numeric.c","line":"7987","routine":"apply_typmod"}],"failureMessages":["QueryFailedError: переполнение поля numeric\n    at PostgresQueryRunner.query (D:\\code\\nogotochki\\server\\src\\driver\\postgres\\PostgresQueryRunner.ts:325:19)\n    at processTicksAndRejections (node:internal/process/task_queues:105:5)\n    at InsertQueryBuilder.execute (D:\\code\\nogotochki\\server\\src\\query-builder\\InsertQueryBuilder.ts:164:33)\n    at SubjectExecutor.executeInsertOperations (D:\\code\\nogotochki\\server\\src\\persistence\\SubjectExecutor.ts:435:42)\n    at SubjectExecutor.execute (D:\\code\\nogotochki\\server\\src\\persistence\\SubjectExecutor.ts:137:9)\n    at EntityPersistExecutor.execute (D:\\code\\nogotochki\\server\\src\\persistence\\EntityPersistExecutor.ts:182:21)\n    at Function.createTestClient (D:\\code\\nogotochki\\server\\src\\__tests__\\helpers\\test.helper.ts:35:24)\n    at Object.<anonymous> (D:\\code\\nogotochki\\server\\src\\__tests__\\auth.test.ts:13:18)"],"fullName":"Auth Routes POST /api/auth/login должен авторизовать мастера по телефону","invocations":1,"location":null,"numPassingAsserts":0,"retryReasons":[],"startAt":1750967373055,"status":"failed","title":"должен авторизовать мастера по телефону"},{"ancestorTitles":["Auth Routes","POST /api/auth/login"],"duration":0,"failing":false,"failureDetails":[{"query":"INSERT INTO \"users\"(\"id\", \"email\", \"username\", \"password\", \"role\", \"isGuest\", \"avatar_url\", \"createdAt\", \"updatedAt\", \"fullName\", \"phone\", \"latitude\", \"longitude\", \"type\") VALUES (DEFAULT, $1, $2, $3, $4, $5, DEFAULT, DEFAULT, DEFAULT, $6, $7, $8, $9, $10) RETURNING \"id\", \"isGuest\", \"createdAt\", \"updatedAt\"","parameters":["test_client_1@test.com","test_client_1","$2b$12$MxV4iMCOG4VSQB3iFV277O.FvY.IZs.64jRlRoqPBMTyZBfLGDlnO","client",false,"Test Client 1","+79000000001",55.7558,37.6176,"client"],"driverError":{"length":268,"name":"error","severity":"ОШИБКА","code":"22003","detail":"Поле с точностью 3, порядком 2 должно округляться до абсолютного значения меньше чем 10^1.","file":"numeric.c","line":"7987","routine":"apply_typmod"},"length":268,"severity":"ОШИБКА","code":"22003","detail":"Поле с точностью 3, порядком 2 должно округляться до абсолютного значения меньше чем 10^1.","file":"numeric.c","line":"7987","routine":"apply_typmod"}],"failureMessages":["QueryFailedError: переполнение поля numeric\n    at PostgresQueryRunner.query (D:\\code\\nogotochki\\server\\src\\driver\\postgres\\PostgresQueryRunner.ts:325:19)\n    at processTicksAndRejections (node:internal/process/task_queues:105:5)\n    at InsertQueryBuilder.execute (D:\\code\\nogotochki\\server\\src\\query-builder\\InsertQueryBuilder.ts:164:33)\n    at SubjectExecutor.executeInsertOperations (D:\\code\\nogotochki\\server\\src\\persistence\\SubjectExecutor.ts:435:42)\n    at SubjectExecutor.execute (D:\\code\\nogotochki\\server\\src\\persistence\\SubjectExecutor.ts:137:9)\n    at EntityPersistExecutor.execute (D:\\code\\nogotochki\\server\\src\\persistence\\EntityPersistExecutor.ts:182:21)\n    at Function.createTestClient (D:\\code\\nogotochki\\server\\src\\__tests__\\helpers\\test.helper.ts:35:24)\n    at Object.<anonymous> (D:\\code\\nogotochki\\server\\src\\__tests__\\auth.test.ts:13:18)"],"fullName":"Auth Routes POST /api/auth/login должен отклонить неверный пароль","invocations":1,"location":null,"numPassingAsserts":0,"retryReasons":[],"startAt":1750967373055,"status":"failed","title":"должен отклонить неверный пароль"},{"ancestorTitles":["Auth Routes","POST /api/auth/login"],"duration":0,"failing":false,"failureDetails":[{"query":"INSERT INTO \"users\"(\"id\", \"email\", \"username\", \"password\", \"role\", \"isGuest\", \"avatar_url\", \"createdAt\", \"updatedAt\", \"fullName\", \"phone\", \"latitude\", \"longitude\", \"type\") VALUES (DEFAULT, $1, $2, $3, $4, $5, DEFAULT, DEFAULT, DEFAULT, $6, $7, $8, $9, $10) RETURNING \"id\", \"isGuest\", \"createdAt\", \"updatedAt\"","parameters":["test_client_1@test.com","test_client_1","$2b$12$MxV4iMCOG4VSQB3iFV277O.FvY.IZs.64jRlRoqPBMTyZBfLGDlnO","client",false,"Test Client 1","+79000000001",55.7558,37.6176,"client"],"driverError":{"length":268,"name":"error","severity":"ОШИБКА","code":"22003","detail":"Поле с точностью 3, порядком 2 должно округляться до абсолютного значения меньше чем 10^1.","file":"numeric.c","line":"7987","routine":"apply_typmod"},"length":268,"severity":"ОШИБКА","code":"22003","detail":"Поле с точностью 3, порядком 2 должно округляться до абсолютного значения меньше чем 10^1.","file":"numeric.c","line":"7987","routine":"apply_typmod"}],"failureMessages":["QueryFailedError: переполнение поля numeric\n    at PostgresQueryRunner.query (D:\\code\\nogotochki\\server\\src\\driver\\postgres\\PostgresQueryRunner.ts:325:19)\n    at processTicksAndRejections (node:internal/process/task_queues:105:5)\n    at InsertQueryBuilder.execute (D:\\code\\nogotochki\\server\\src\\query-builder\\InsertQueryBuilder.ts:164:33)\n    at SubjectExecutor.executeInsertOperations (D:\\code\\nogotochki\\server\\src\\persistence\\SubjectExecutor.ts:435:42)\n    at SubjectExecutor.execute (D:\\code\\nogotochki\\server\\src\\persistence\\SubjectExecutor.ts:137:9)\n    at EntityPersistExecutor.execute (D:\\code\\nogotochki\\server\\src\\persistence\\EntityPersistExecutor.ts:182:21)\n    at Function.createTestClient (D:\\code\\nogotochki\\server\\src\\__tests__\\helpers\\test.helper.ts:35:24)\n    at Object.<anonymous> (D:\\code\\nogotochki\\server\\src\\__tests__\\auth.test.ts:13:18)"],"fullName":"Auth Routes POST /api/auth/login должен отклонить несуществующего пользователя","invocations":1,"location":null,"numPassingAsserts":0,"retryReasons":[],"startAt":1750967373055,"status":"failed","title":"должен отклонить несуществующего пользователя"},{"ancestorTitles":["Auth Routes","POST /api/auth/refresh"],"duration":0,"failing":false,"failureDetails":[{"query":"INSERT INTO \"users\"(\"id\", \"email\", \"username\", \"password\", \"role\", \"isGuest\", \"avatar_url\", \"createdAt\", \"updatedAt\", \"fullName\", \"phone\", \"latitude\", \"longitude\", \"type\") VALUES (DEFAULT, $1, $2, $3, $4, $5, DEFAULT, DEFAULT, DEFAULT, $6, $7, $8, $9, $10) RETURNING \"id\", \"isGuest\", \"createdAt\", \"updatedAt\"","parameters":["test_client_1@test.com","test_client_1","$2b$12$MxV4iMCOG4VSQB3iFV277O.FvY.IZs.64jRlRoqPBMTyZBfLGDlnO","client",false,"Test Client 1","+79000000001",55.7558,37.6176,"client"],"driverError":{"length":268,"name":"error","severity":"ОШИБКА","code":"22003","detail":"Поле с точностью 3, порядком 2 должно округляться до абсолютного значения меньше чем 10^1.","file":"numeric.c","line":"7987","routine":"apply_typmod"},"length":268,"severity":"ОШИБКА","code":"22003","detail":"Поле с точностью 3, порядком 2 должно округляться до абсолютного значения меньше чем 10^1.","file":"numeric.c","line":"7987","routine":"apply_typmod"}],"failureMessages":["QueryFailedError: переполнение поля numeric\n    at PostgresQueryRunner.query (D:\\code\\nogotochki\\server\\src\\driver\\postgres\\PostgresQueryRunner.ts:325:19)\n    at processTicksAndRejections (node:internal/process/task_queues:105:5)\n    at InsertQueryBuilder.execute (D:\\code\\nogotochki\\server\\src\\query-builder\\InsertQueryBuilder.ts:164:33)\n    at SubjectExecutor.executeInsertOperations (D:\\code\\nogotochki\\server\\src\\persistence\\SubjectExecutor.ts:435:42)\n    at SubjectExecutor.execute (D:\\code\\nogotochki\\server\\src\\persistence\\SubjectExecutor.ts:137:9)\n    at EntityPersistExecutor.execute (D:\\code\\nogotochki\\server\\src\\persistence\\EntityPersistExecutor.ts:182:21)\n    at Function.createTestClient (D:\\code\\nogotochki\\server\\src\\__tests__\\helpers\\test.helper.ts:35:24)\n    at Object.<anonymous> (D:\\code\\nogotochki\\server\\src\\__tests__\\auth.test.ts:13:18)"],"fullName":"Auth Routes POST /api/auth/refresh должен обновить токены","invocations":1,"location":null,"numPassingAsserts":0,"retryReasons":[],"startAt":1750967373055,"status":"failed","title":"должен обновить токены"},{"ancestorTitles":["Auth Routes","POST /api/auth/refresh"],"duration":0,"failing":false,"failureDetails":[{"query":"INSERT INTO \"users\"(\"id\", \"email\", \"username\", \"password\", \"role\", \"isGuest\", \"avatar_url\", \"createdAt\", \"updatedAt\", \"fullName\", \"phone\", \"latitude\", \"longitude\", \"type\") VALUES (DEFAULT, $1, $2, $3, $4, $5, DEFAULT, DEFAULT, DEFAULT, $6, $7, $8, $9, $10) RETURNING \"id\", \"isGuest\", \"createdAt\", \"updatedAt\"","parameters":["test_client_1@test.com","test_client_1","$2b$12$MxV4iMCOG4VSQB3iFV277O.FvY.IZs.64jRlRoqPBMTyZBfLGDlnO","client",false,"Test Client 1","+79000000001",55.7558,37.6176,"client"],"driverError":{"length":268,"name":"error","severity":"ОШИБКА","code":"22003","detail":"Поле с точностью 3, порядком 2 должно округляться до абсолютного значения меньше чем 10^1.","file":"numeric.c","line":"7987","routine":"apply_typmod"},"length":268,"severity":"ОШИБКА","code":"22003","detail":"Поле с точностью 3, порядком 2 должно округляться до абсолютного значения меньше чем 10^1.","file":"numeric.c","line":"7987","routine":"apply_typmod"}],"failureMessages":["QueryFailedError: переполнение поля numeric\n    at PostgresQueryRunner.query (D:\\code\\nogotochki\\server\\src\\driver\\postgres\\PostgresQueryRunner.ts:325:19)\n    at processTicksAndRejections (node:internal/process/task_queues:105:5)\n    at InsertQueryBuilder.execute (D:\\code\\nogotochki\\server\\src\\query-builder\\InsertQueryBuilder.ts:164:33)\n    at SubjectExecutor.executeInsertOperations (D:\\code\\nogotochki\\server\\src\\persistence\\SubjectExecutor.ts:435:42)\n    at SubjectExecutor.execute (D:\\code\\nogotochki\\server\\src\\persistence\\SubjectExecutor.ts:137:9)\n    at EntityPersistExecutor.execute (D:\\code\\nogotochki\\server\\src\\persistence\\EntityPersistExecutor.ts:182:21)\n    at Function.createTestClient (D:\\code\\nogotochki\\server\\src\\__tests__\\helpers\\test.helper.ts:35:24)\n    at Object.<anonymous> (D:\\code\\nogotochki\\server\\src\\__tests__\\auth.test.ts:13:18)"],"fullName":"Auth Routes POST /api/auth/refresh должен отклонить неверный refresh token","invocations":1,"location":null,"numPassingAsserts":0,"retryReasons":[],"startAt":1750967373056,"status":"failed","title":"должен отклонить неверный refresh token"},{"ancestorTitles":["Auth Routes","POST /api/auth/refresh"],"duration":0,"failing":false,"failureDetails":[{"query":"INSERT INTO \"users\"(\"id\", \"email\", \"username\", \"password\", \"role\", \"isGuest\", \"avatar_url\", \"createdAt\", \"updatedAt\", \"fullName\", \"phone\", \"latitude\", \"longitude\", \"type\") VALUES (DEFAULT, $1, $2, $3, $4, $5, DEFAULT, DEFAULT, DEFAULT, $6, $7, $8, $9, $10) RETURNING \"id\", \"isGuest\", \"createdAt\", \"updatedAt\"","parameters":["test_client_1@test.com","test_client_1","$2b$12$MxV4iMCOG4VSQB3iFV277O.FvY.IZs.64jRlRoqPBMTyZBfLGDlnO","client",false,"Test Client 1","+79000000001",55.7558,37.6176,"client"],"driverError":{"length":268,"name":"error","severity":"ОШИБКА","code":"22003","detail":"Поле с точностью 3, порядком 2 должно округляться до абсолютного значения меньше чем 10^1.","file":"numeric.c","line":"7987","routine":"apply_typmod"},"length":268,"severity":"ОШИБКА","code":"22003","detail":"Поле с точностью 3, порядком 2 должно округляться до абсолютного значения меньше чем 10^1.","file":"numeric.c","line":"7987","routine":"apply_typmod"}],"failureMessages":["QueryFailedError: переполнение поля numeric\n    at PostgresQueryRunner.query (D:\\code\\nogotochki\\server\\src\\driver\\postgres\\PostgresQueryRunner.ts:325:19)\n    at processTicksAndRejections (node:internal/process/task_queues:105:5)\n    at InsertQueryBuilder.execute (D:\\code\\nogotochki\\server\\src\\query-builder\\InsertQueryBuilder.ts:164:33)\n    at SubjectExecutor.executeInsertOperations (D:\\code\\nogotochki\\server\\src\\persistence\\SubjectExecutor.ts:435:42)\n    at SubjectExecutor.execute (D:\\code\\nogotochki\\server\\src\\persistence\\SubjectExecutor.ts:137:9)\n    at EntityPersistExecutor.execute (D:\\code\\nogotochki\\server\\src\\persistence\\EntityPersistExecutor.ts:182:21)\n    at Function.createTestClient (D:\\code\\nogotochki\\server\\src\\__tests__\\helpers\\test.helper.ts:35:24)\n    at Object.<anonymous> (D:\\code\\nogotochki\\server\\src\\__tests__\\auth.test.ts:13:18)"],"fullName":"Auth Routes POST /api/auth/refresh должен отклонить запрос без токена","invocations":1,"location":null,"numPassingAsserts":0,"retryReasons":[],"startAt":1750967373056,"status":"failed","title":"должен отклонить запрос без токена"}],"endTime":1750967373077,"message":"  ● Auth Routes › POST /api/auth/register › должен зарегистрировать нового клиента\n\n    QueryFailedError: переполнение поля numeric\n\n      at PostgresQueryRunner.query (src/driver/postgres/PostgresQueryRunner.ts:325:19)\n      at InsertQueryBuilder.execute (src/query-builder/InsertQueryBuilder.ts:164:33)\n      at SubjectExecutor.executeInsertOperations (src/persistence/SubjectExecutor.ts:435:42)\n      at SubjectExecutor.execute (src/persistence/SubjectExecutor.ts:137:9)\n      at EntityPersistExecutor.execute (src/persistence/EntityPersistExecutor.ts:182:21)\n      at Function.createTestClient (src/__tests__/helpers/test.helper.ts:35:24)\n      at Object.<anonymous> (src/__tests__/auth.test.ts:13:18)\n\n  ● Auth Routes › POST /api/auth/register › должен зарегистрировать нового мастера\n\n    QueryFailedError: переполнение поля numeric\n\n      at PostgresQueryRunner.query (src/driver/postgres/PostgresQueryRunner.ts:325:19)\n      at InsertQueryBuilder.execute (src/query-builder/InsertQueryBuilder.ts:164:33)\n      at SubjectExecutor.executeInsertOperations (src/persistence/SubjectExecutor.ts:435:42)\n      at SubjectExecutor.execute (src/persistence/SubjectExecutor.ts:137:9)\n      at EntityPersistExecutor.execute (src/persistence/EntityPersistExecutor.ts:182:21)\n      at Function.createTestClient (src/__tests__/helpers/test.helper.ts:35:24)\n      at Object.<anonymous> (src/__tests__/auth.test.ts:13:18)\n\n  ● Auth Routes › POST /api/auth/register › должен отклонить регистрацию с дублирующимся email\n\n    QueryFailedError: переполнение поля numeric\n\n      at PostgresQueryRunner.query (src/driver/postgres/PostgresQueryRunner.ts:325:19)\n      at InsertQueryBuilder.execute (src/query-builder/InsertQueryBuilder.ts:164:33)\n      at SubjectExecutor.executeInsertOperations (src/persistence/SubjectExecutor.ts:435:42)\n      at SubjectExecutor.execute (src/persistence/SubjectExecutor.ts:137:9)\n      at EntityPersistExecutor.execute (src/persistence/EntityPersistExecutor.ts:182:21)\n      at Function.createTestClient (src/__tests__/helpers/test.helper.ts:35:24)\n      at Object.<anonymous> (src/__tests__/auth.test.ts:13:18)\n\n  ● Auth Routes › POST /api/auth/register › должен отклонить регистрацию без обязательных полей\n\n    QueryFailedError: переполнение поля numeric\n\n      at PostgresQueryRunner.query (src/driver/postgres/PostgresQueryRunner.ts:325:19)\n      at InsertQueryBuilder.execute (src/query-builder/InsertQueryBuilder.ts:164:33)\n      at SubjectExecutor.executeInsertOperations (src/persistence/SubjectExecutor.ts:435:42)\n      at SubjectExecutor.execute (src/persistence/SubjectExecutor.ts:137:9)\n      at EntityPersistExecutor.execute (src/persistence/EntityPersistExecutor.ts:182:21)\n      at Function.createTestClient (src/__tests__/helpers/test.helper.ts:35:24)\n      at Object.<anonymous> (src/__tests__/auth.test.ts:13:18)\n\n  ● Auth Routes › POST /api/auth/login › должен авторизовать клиента по email\n\n    QueryFailedError: переполнение поля numeric\n\n      at PostgresQueryRunner.query (src/driver/postgres/PostgresQueryRunner.ts:325:19)\n      at InsertQueryBuilder.execute (src/query-builder/InsertQueryBuilder.ts:164:33)\n      at SubjectExecutor.executeInsertOperations (src/persistence/SubjectExecutor.ts:435:42)\n      at SubjectExecutor.execute (src/persistence/SubjectExecutor.ts:137:9)\n      at EntityPersistExecutor.execute (src/persistence/EntityPersistExecutor.ts:182:21)\n      at Function.createTestClient (src/__tests__/helpers/test.helper.ts:35:24)\n      at Object.<anonymous> (src/__tests__/auth.test.ts:13:18)\n\n  ● Auth Routes › POST /api/auth/login › должен авторизовать мастера по телефону\n\n    QueryFailedError: переполнение поля numeric\n\n      at PostgresQueryRunner.query (src/driver/postgres/PostgresQueryRunner.ts:325:19)\n      at InsertQueryBuilder.execute (src/query-builder/InsertQueryBuilder.ts:164:33)\n      at SubjectExecutor.executeInsertOperations (src/persistence/SubjectExecutor.ts:435:42)\n      at SubjectExecutor.execute (src/persistence/SubjectExecutor.ts:137:9)\n      at EntityPersistExecutor.execute (src/persistence/EntityPersistExecutor.ts:182:21)\n      at Function.createTestClient (src/__tests__/helpers/test.helper.ts:35:24)\n      at Object.<anonymous> (src/__tests__/auth.test.ts:13:18)\n\n  ● Auth Routes › POST /api/auth/login › должен отклонить неверный пароль\n\n    QueryFailedError: переполнение поля numeric\n\n      at PostgresQueryRunner.query (src/driver/postgres/PostgresQueryRunner.ts:325:19)\n      at InsertQueryBuilder.execute (src/query-builder/InsertQueryBuilder.ts:164:33)\n      at SubjectExecutor.executeInsertOperations (src/persistence/SubjectExecutor.ts:435:42)\n      at SubjectExecutor.execute (src/persistence/SubjectExecutor.ts:137:9)\n      at EntityPersistExecutor.execute (src/persistence/EntityPersistExecutor.ts:182:21)\n      at Function.createTestClient (src/__tests__/helpers/test.helper.ts:35:24)\n      at Object.<anonymous> (src/__tests__/auth.test.ts:13:18)\n\n  ● Auth Routes › POST /api/auth/login › должен отклонить несуществующего пользователя\n\n    QueryFailedError: переполнение поля numeric\n\n      at PostgresQueryRunner.query (src/driver/postgres/PostgresQueryRunner.ts:325:19)\n      at InsertQueryBuilder.execute (src/query-builder/InsertQueryBuilder.ts:164:33)\n      at SubjectExecutor.executeInsertOperations (src/persistence/SubjectExecutor.ts:435:42)\n      at SubjectExecutor.execute (src/persistence/SubjectExecutor.ts:137:9)\n      at EntityPersistExecutor.execute (src/persistence/EntityPersistExecutor.ts:182:21)\n      at Function.createTestClient (src/__tests__/helpers/test.helper.ts:35:24)\n      at Object.<anonymous> (src/__tests__/auth.test.ts:13:18)\n\n  ● Auth Routes › POST /api/auth/refresh › должен обновить токены\n\n    QueryFailedError: переполнение поля numeric\n\n      at PostgresQueryRunner.query (src/driver/postgres/PostgresQueryRunner.ts:325:19)\n      at InsertQueryBuilder.execute (src/query-builder/InsertQueryBuilder.ts:164:33)\n      at SubjectExecutor.executeInsertOperations (src/persistence/SubjectExecutor.ts:435:42)\n      at SubjectExecutor.execute (src/persistence/SubjectExecutor.ts:137:9)\n      at EntityPersistExecutor.execute (src/persistence/EntityPersistExecutor.ts:182:21)\n      at Function.createTestClient (src/__tests__/helpers/test.helper.ts:35:24)\n      at Object.<anonymous> (src/__tests__/auth.test.ts:13:18)\n\n  ● Auth Routes › POST /api/auth/refresh › должен отклонить неверный refresh token\n\n    QueryFailedError: переполнение поля numeric\n\n      at PostgresQueryRunner.query (src/driver/postgres/PostgresQueryRunner.ts:325:19)\n      at InsertQueryBuilder.execute (src/query-builder/InsertQueryBuilder.ts:164:33)\n      at SubjectExecutor.executeInsertOperations (src/persistence/SubjectExecutor.ts:435:42)\n      at SubjectExecutor.execute (src/persistence/SubjectExecutor.ts:137:9)\n      at EntityPersistExecutor.execute (src/persistence/EntityPersistExecutor.ts:182:21)\n      at Function.createTestClient (src/__tests__/helpers/test.helper.ts:35:24)\n      at Object.<anonymous> (src/__tests__/auth.test.ts:13:18)\n\n  ● Auth Routes › POST /api/auth/refresh › должен отклонить запрос без токена\n\n    QueryFailedError: переполнение поля numeric\n\n      at PostgresQueryRunner.query (src/driver/postgres/PostgresQueryRunner.ts:325:19)\n      at InsertQueryBuilder.execute (src/query-builder/InsertQueryBuilder.ts:164:33)\n      at SubjectExecutor.executeInsertOperations (src/persistence/SubjectExecutor.ts:435:42)\n      at SubjectExecutor.execute (src/persistence/SubjectExecutor.ts:137:9)\n      at EntityPersistExecutor.execute (src/persistence/EntityPersistExecutor.ts:182:21)\n      at Function.createTestClient (src/__tests__/helpers/test.helper.ts:35:24)\n      at Object.<anonymous> (src/__tests__/auth.test.ts:13:18)\n","name":"D:\\code\\nogotochki\\server\\src\\__tests__\\auth.test.ts","startTime":1750967369199,"status":"failed","summary":""},{"assertionResults":[{"ancestorTitles":["Masters Routes","POST /api/masters/can-do/:designId"],"duration":2,"failing":false,"failureDetails":[{"query":"INSERT INTO \"users\"(\"id\", \"email\", \"username\", \"password\", \"role\", \"isGuest\", \"avatar_url\", \"createdAt\", \"updatedAt\", \"fullName\", \"phone\", \"latitude\", \"longitude\", \"type\") VALUES (DEFAULT, $1, $2, $3, $4, $5, DEFAULT, DEFAULT, DEFAULT, $6, $7, $8, $9, $10) RETURNING \"id\", \"isGuest\", \"createdAt\", \"updatedAt\"","parameters":["test_client_1@test.com","test_client_1","$2b$12$WWZVvh6NEpfkGZZlk8NJKep9JW68ldhFrigAuqRcjzNM1dFxh2joe","client",false,"Test Client 1","+79000000001",55.7558,37.6176,"client"],"driverError":{"length":268,"name":"error","severity":"ОШИБКА","code":"22003","detail":"Поле с точностью 3, порядком 2 должно округляться до абсолютного значения меньше чем 10^1.","file":"numeric.c","line":"7987","routine":"apply_typmod"},"length":268,"severity":"ОШИБКА","code":"22003","detail":"Поле с точностью 3, порядком 2 должно округляться до абсолютного значения меньше чем 10^1.","file":"numeric.c","line":"7987","routine":"apply_typmod"}],"failureMessages":["QueryFailedError: переполнение поля numeric\n    at PostgresQueryRunner.query (D:\\code\\nogotochki\\server\\src\\driver\\postgres\\PostgresQueryRunner.ts:325:19)\n    at processTicksAndRejections (node:internal/process/task_queues:105:5)\n    at InsertQueryBuilder.execute (D:\\code\\nogotochki\\server\\src\\query-builder\\InsertQueryBuilder.ts:164:33)\n    at SubjectExecutor.executeInsertOperations (D:\\code\\nogotochki\\server\\src\\persistence\\SubjectExecutor.ts:435:42)\n    at SubjectExecutor.execute (D:\\code\\nogotochki\\server\\src\\persistence\\SubjectExecutor.ts:137:9)\n    at EntityPersistExecutor.execute (D:\\code\\nogotochki\\server\\src\\persistence\\EntityPersistExecutor.ts:182:21)\n    at Function.createTestClient (D:\\code\\nogotochki\\server\\src\\__tests__\\helpers\\test.helper.ts:35:24)\n    at Function.createFullTestData (D:\\code\\nogotochki\\server\\src\\__tests__\\helpers\\test.helper.ts:158:20)\n    at Object.<anonymous> (D:\\code\\nogotochki\\server\\src\\__tests__\\masters.test.ts:12:16)"],"fullName":"Masters Routes POST /api/masters/can-do/:designId должен добавить дизайн в список \"Я так могу\"","invocations":1,"location":null,"numPassingAsserts":0,"retryReasons":[],"startAt":1750967373038,"status":"failed","title":"должен добавить дизайн в список \"Я так могу\""},{"ancestorTitles":["Masters Routes","POST /api/masters/can-do/:designId"],"duration":0,"failing":false,"failureDetails":[{"query":"INSERT INTO \"users\"(\"id\", \"email\", \"username\", \"password\", \"role\", \"isGuest\", \"avatar_url\", \"createdAt\", \"updatedAt\", \"fullName\", \"phone\", \"latitude\", \"longitude\", \"type\") VALUES (DEFAULT, $1, $2, $3, $4, $5, DEFAULT, DEFAULT, DEFAULT, $6, $7, $8, $9, $10) RETURNING \"id\", \"isGuest\", \"createdAt\", \"updatedAt\"","parameters":["test_client_1@test.com","test_client_1","$2b$12$WWZVvh6NEpfkGZZlk8NJKep9JW68ldhFrigAuqRcjzNM1dFxh2joe","client",false,"Test Client 1","+79000000001",55.7558,37.6176,"client"],"driverError":{"length":268,"name":"error","severity":"ОШИБКА","code":"22003","detail":"Поле с точностью 3, порядком 2 должно округляться до абсолютного значения меньше чем 10^1.","file":"numeric.c","line":"7987","routine":"apply_typmod"},"length":268,"severity":"ОШИБКА","code":"22003","detail":"Поле с точностью 3, порядком 2 должно округляться до абсолютного значения меньше чем 10^1.","file":"numeric.c","line":"7987","routine":"apply_typmod"}],"failureMessages":["QueryFailedError: переполнение поля numeric\n    at PostgresQueryRunner.query (D:\\code\\nogotochki\\server\\src\\driver\\postgres\\PostgresQueryRunner.ts:325:19)\n    at processTicksAndRejections (node:internal/process/task_queues:105:5)\n    at InsertQueryBuilder.execute (D:\\code\\nogotochki\\server\\src\\query-builder\\InsertQueryBuilder.ts:164:33)\n    at SubjectExecutor.executeInsertOperations (D:\\code\\nogotochki\\server\\src\\persistence\\SubjectExecutor.ts:435:42)\n    at SubjectExecutor.execute (D:\\code\\nogotochki\\server\\src\\persistence\\SubjectExecutor.ts:137:9)\n    at EntityPersistExecutor.execute (D:\\code\\nogotochki\\server\\src\\persistence\\EntityPersistExecutor.ts:182:21)\n    at Function.createTestClient (D:\\code\\nogotochki\\server\\src\\__tests__\\helpers\\test.helper.ts:35:24)\n    at Function.createFullTestData (D:\\code\\nogotochki\\server\\src\\__tests__\\helpers\\test.helper.ts:158:20)\n    at Object.<anonymous> (D:\\code\\nogotochki\\server\\src\\__tests__\\masters.test.ts:12:16)"],"fullName":"Masters Routes POST /api/masters/can-do/:designId должен отклонить добавление уже существующего дизайна","invocations":1,"location":null,"numPassingAsserts":0,"retryReasons":[],"startAt":1750967373105,"status":"failed","title":"должен отклонить добавление уже существующего дизайна"},{"ancestorTitles":["Masters Routes","POST /api/masters/can-do/:designId"],"duration":0,"failing":false,"failureDetails":[{"query":"INSERT INTO \"users\"(\"id\", \"email\", \"username\", \"password\", \"role\", \"isGuest\", \"avatar_url\", \"createdAt\", \"updatedAt\", \"fullName\", \"phone\", \"latitude\", \"longitude\", \"type\") VALUES (DEFAULT, $1, $2, $3, $4, $5, DEFAULT, DEFAULT, DEFAULT, $6, $7, $8, $9, $10) RETURNING \"id\", \"isGuest\", \"createdAt\", \"updatedAt\"","parameters":["test_client_1@test.com","test_client_1","$2b$12$WWZVvh6NEpfkGZZlk8NJKep9JW68ldhFrigAuqRcjzNM1dFxh2joe","client",false,"Test Client 1","+79000000001",55.7558,37.6176,"client"],"driverError":{"length":268,"name":"error","severity":"ОШИБКА","code":"22003","detail":"Поле с точностью 3, порядком 2 должно округляться до абсолютного значения меньше чем 10^1.","file":"numeric.c","line":"7987","routine":"apply_typmod"},"length":268,"severity":"ОШИБКА","code":"22003","detail":"Поле с точностью 3, порядком 2 должно округляться до абсолютного значения меньше чем 10^1.","file":"numeric.c","line":"7987","routine":"apply_typmod"}],"failureMessages":["QueryFailedError: переполнение поля numeric\n    at PostgresQueryRunner.query (D:\\code\\nogotochki\\server\\src\\driver\\postgres\\PostgresQueryRunner.ts:325:19)\n    at processTicksAndRejections (node:internal/process/task_queues:105:5)\n    at InsertQueryBuilder.execute (D:\\code\\nogotochki\\server\\src\\query-builder\\InsertQueryBuilder.ts:164:33)\n    at SubjectExecutor.executeInsertOperations (D:\\code\\nogotochki\\server\\src\\persistence\\SubjectExecutor.ts:435:42)\n    at SubjectExecutor.execute (D:\\code\\nogotochki\\server\\src\\persistence\\SubjectExecutor.ts:137:9)\n    at EntityPersistExecutor.execute (D:\\code\\nogotochki\\server\\src\\persistence\\EntityPersistExecutor.ts:182:21)\n    at Function.createTestClient (D:\\code\\nogotochki\\server\\src\\__tests__\\helpers\\test.helper.ts:35:24)\n    at Function.createFullTestData (D:\\code\\nogotochki\\server\\src\\__tests__\\helpers\\test.helper.ts:158:20)\n    at Object.<anonymous> (D:\\code\\nogotochki\\server\\src\\__tests__\\masters.test.ts:12:16)"],"fullName":"Masters Routes POST /api/masters/can-do/:designId должен отклонить запрос от клиента","invocations":1,"location":null,"numPassingAsserts":0,"retryReasons":[],"startAt":1750967373105,"status":"failed","title":"должен отклонить запрос от клиента"},{"ancestorTitles":["Masters Routes","POST /api/masters/can-do/:designId"],"duration":0,"failing":false,"failureDetails":[{"query":"INSERT INTO \"users\"(\"id\", \"email\", \"username\", \"password\", \"role\", \"isGuest\", \"avatar_url\", \"createdAt\", \"updatedAt\", \"fullName\", \"phone\", \"latitude\", \"longitude\", \"type\") VALUES (DEFAULT, $1, $2, $3, $4, $5, DEFAULT, DEFAULT, DEFAULT, $6, $7, $8, $9, $10) RETURNING \"id\", \"isGuest\", \"createdAt\", \"updatedAt\"","parameters":["test_client_1@test.com","test_client_1","$2b$12$WWZVvh6NEpfkGZZlk8NJKep9JW68ldhFrigAuqRcjzNM1dFxh2joe","client",false,"Test Client 1","+79000000001",55.7558,37.6176,"client"],"driverError":{"length":268,"name":"error","severity":"ОШИБКА","code":"22003","detail":"Поле с точностью 3, порядком 2 должно округляться до абсолютного значения меньше чем 10^1.","file":"numeric.c","line":"7987","routine":"apply_typmod"},"length":268,"severity":"ОШИБКА","code":"22003","detail":"Поле с точностью 3, порядком 2 должно округляться до абсолютного значения меньше чем 10^1.","file":"numeric.c","line":"7987","routine":"apply_typmod"}],"failureMessages":["QueryFailedError: переполнение поля numeric\n    at PostgresQueryRunner.query (D:\\code\\nogotochki\\server\\src\\driver\\postgres\\PostgresQueryRunner.ts:325:19)\n    at processTicksAndRejections (node:internal/process/task_queues:105:5)\n    at InsertQueryBuilder.execute (D:\\code\\nogotochki\\server\\src\\query-builder\\InsertQueryBuilder.ts:164:33)\n    at SubjectExecutor.executeInsertOperations (D:\\code\\nogotochki\\server\\src\\persistence\\SubjectExecutor.ts:435:42)\n    at SubjectExecutor.execute (D:\\code\\nogotochki\\server\\src\\persistence\\SubjectExecutor.ts:137:9)\n    at EntityPersistExecutor.execute (D:\\code\\nogotochki\\server\\src\\persistence\\EntityPersistExecutor.ts:182:21)\n    at Function.createTestClient (D:\\code\\nogotochki\\server\\src\\__tests__\\helpers\\test.helper.ts:35:24)\n    at Function.createFullTestData (D:\\code\\nogotochki\\server\\src\\__tests__\\helpers\\test.helper.ts:158:20)\n    at Object.<anonymous> (D:\\code\\nogotochki\\server\\src\\__tests__\\masters.test.ts:12:16)"],"fullName":"Masters Routes POST /api/masters/can-do/:designId должен отклонить запрос без авторизации","invocations":1,"location":null,"numPassingAsserts":0,"retryReasons":[],"startAt":1750967373105,"status":"failed","title":"должен отклонить запрос без авторизации"},{"ancestorTitles":["Masters Routes","POST /api/masters/can-do/:designId"],"duration":0,"failing":false,"failureDetails":[{"query":"INSERT INTO \"users\"(\"id\", \"email\", \"username\", \"password\", \"role\", \"isGuest\", \"avatar_url\", \"createdAt\", \"updatedAt\", \"fullName\", \"phone\", \"latitude\", \"longitude\", \"type\") VALUES (DEFAULT, $1, $2, $3, $4, $5, DEFAULT, DEFAULT, DEFAULT, $6, $7, $8, $9, $10) RETURNING \"id\", \"isGuest\", \"createdAt\", \"updatedAt\"","parameters":["test_client_1@test.com","test_client_1","$2b$12$WWZVvh6NEpfkGZZlk8NJKep9JW68ldhFrigAuqRcjzNM1dFxh2joe","client",false,"Test Client 1","+79000000001",55.7558,37.6176,"client"],"driverError":{"length":268,"name":"error","severity":"ОШИБКА","code":"22003","detail":"Поле с точностью 3, порядком 2 должно округляться до абсолютного значения меньше чем 10^1.","file":"numeric.c","line":"7987","routine":"apply_typmod"},"length":268,"severity":"ОШИБКА","code":"22003","detail":"Поле с точностью 3, порядком 2 должно округляться до абсолютного значения меньше чем 10^1.","file":"numeric.c","line":"7987","routine":"apply_typmod"}],"failureMessages":["QueryFailedError: переполнение поля numeric\n    at PostgresQueryRunner.query (D:\\code\\nogotochki\\server\\src\\driver\\postgres\\PostgresQueryRunner.ts:325:19)\n    at processTicksAndRejections (node:internal/process/task_queues:105:5)\n    at InsertQueryBuilder.execute (D:\\code\\nogotochki\\server\\src\\query-builder\\InsertQueryBuilder.ts:164:33)\n    at SubjectExecutor.executeInsertOperations (D:\\code\\nogotochki\\server\\src\\persistence\\SubjectExecutor.ts:435:42)\n    at SubjectExecutor.execute (D:\\code\\nogotochki\\server\\src\\persistence\\SubjectExecutor.ts:137:9)\n    at EntityPersistExecutor.execute (D:\\code\\nogotochki\\server\\src\\persistence\\EntityPersistExecutor.ts:182:21)\n    at Function.createTestClient (D:\\code\\nogotochki\\server\\src\\__tests__\\helpers\\test.helper.ts:35:24)\n    at Function.createFullTestData (D:\\code\\nogotochki\\server\\src\\__tests__\\helpers\\test.helper.ts:158:20)\n    at Object.<anonymous> (D:\\code\\nogotochki\\server\\src\\__tests__\\masters.test.ts:12:16)"],"fullName":"Masters Routes POST /api/masters/can-do/:designId должен отклонить несуществующий дизайн","invocations":1,"location":null,"numPassingAsserts":0,"retryReasons":[],"startAt":1750967373105,"status":"failed","title":"должен отклонить несуществующий дизайн"},{"ancestorTitles":["Masters Routes","DELETE /api/masters/can-do/:designId"],"duration":0,"failing":false,"failureDetails":[{"query":"INSERT INTO \"users\"(\"id\", \"email\", \"username\", \"password\", \"role\", \"isGuest\", \"avatar_url\", \"createdAt\", \"updatedAt\", \"fullName\", \"phone\", \"latitude\", \"longitude\", \"type\") VALUES (DEFAULT, $1, $2, $3, $4, $5, DEFAULT, DEFAULT, DEFAULT, $6, $7, $8, $9, $10) RETURNING \"id\", \"isGuest\", \"createdAt\", \"updatedAt\"","parameters":["test_client_1@test.com","test_client_1","$2b$12$WWZVvh6NEpfkGZZlk8NJKep9JW68ldhFrigAuqRcjzNM1dFxh2joe","client",false,"Test Client 1","+79000000001",55.7558,37.6176,"client"],"driverError":{"length":268,"name":"error","severity":"ОШИБКА","code":"22003","detail":"Поле с точностью 3, порядком 2 должно округляться до абсолютного значения меньше чем 10^1.","file":"numeric.c","line":"7987","routine":"apply_typmod"},"length":268,"severity":"ОШИБКА","code":"22003","detail":"Поле с точностью 3, порядком 2 должно округляться до абсолютного значения меньше чем 10^1.","file":"numeric.c","line":"7987","routine":"apply_typmod"}],"failureMessages":["QueryFailedError: переполнение поля numeric\n    at PostgresQueryRunner.query (D:\\code\\nogotochki\\server\\src\\driver\\postgres\\PostgresQueryRunner.ts:325:19)\n    at processTicksAndRejections (node:internal/process/task_queues:105:5)\n    at InsertQueryBuilder.execute (D:\\code\\nogotochki\\server\\src\\query-builder\\InsertQueryBuilder.ts:164:33)\n    at SubjectExecutor.executeInsertOperations (D:\\code\\nogotochki\\server\\src\\persistence\\SubjectExecutor.ts:435:42)\n    at SubjectExecutor.execute (D:\\code\\nogotochki\\server\\src\\persistence\\SubjectExecutor.ts:137:9)\n    at EntityPersistExecutor.execute (D:\\code\\nogotochki\\server\\src\\persistence\\EntityPersistExecutor.ts:182:21)\n    at Function.createTestClient (D:\\code\\nogotochki\\server\\src\\__tests__\\helpers\\test.helper.ts:35:24)\n    at Function.createFullTestData (D:\\code\\nogotochki\\server\\src\\__tests__\\helpers\\test.helper.ts:158:20)\n    at Object.<anonymous> (D:\\code\\nogotochki\\server\\src\\__tests__\\masters.test.ts:12:16)"],"fullName":"Masters Routes DELETE /api/masters/can-do/:designId должен удалить дизайн из списка \"Я так могу\"","invocations":1,"location":null,"numPassingAsserts":0,"retryReasons":[],"startAt":1750967373106,"status":"failed","title":"должен удалить дизайн из списка \"Я так могу\""},{"ancestorTitles":["Masters Routes","DELETE /api/masters/can-do/:designId"],"duration":0,"failing":false,"failureDetails":[{"query":"INSERT INTO \"users\"(\"id\", \"email\", \"username\", \"password\", \"role\", \"isGuest\", \"avatar_url\", \"createdAt\", \"updatedAt\", \"fullName\", \"phone\", \"latitude\", \"longitude\", \"type\") VALUES (DEFAULT, $1, $2, $3, $4, $5, DEFAULT, DEFAULT, DEFAULT, $6, $7, $8, $9, $10) RETURNING \"id\", \"isGuest\", \"createdAt\", \"updatedAt\"","parameters":["test_client_1@test.com","test_client_1","$2b$12$WWZVvh6NEpfkGZZlk8NJKep9JW68ldhFrigAuqRcjzNM1dFxh2joe","client",false,"Test Client 1","+79000000001",55.7558,37.6176,"client"],"driverError":{"length":268,"name":"error","severity":"ОШИБКА","code":"22003","detail":"Поле с точностью 3, порядком 2 должно округляться до абсолютного значения меньше чем 10^1.","file":"numeric.c","line":"7987","routine":"apply_typmod"},"length":268,"severity":"ОШИБКА","code":"22003","detail":"Поле с точностью 3, порядком 2 должно округляться до абсолютного значения меньше чем 10^1.","file":"numeric.c","line":"7987","routine":"apply_typmod"}],"failureMessages":["QueryFailedError: переполнение поля numeric\n    at PostgresQueryRunner.query (D:\\code\\nogotochki\\server\\src\\driver\\postgres\\PostgresQueryRunner.ts:325:19)\n    at processTicksAndRejections (node:internal/process/task_queues:105:5)\n    at InsertQueryBuilder.execute (D:\\code\\nogotochki\\server\\src\\query-builder\\InsertQueryBuilder.ts:164:33)\n    at SubjectExecutor.executeInsertOperations (D:\\code\\nogotochki\\server\\src\\persistence\\SubjectExecutor.ts:435:42)\n    at SubjectExecutor.execute (D:\\code\\nogotochki\\server\\src\\persistence\\SubjectExecutor.ts:137:9)\n    at EntityPersistExecutor.execute (D:\\code\\nogotochki\\server\\src\\persistence\\EntityPersistExecutor.ts:182:21)\n    at Function.createTestClient (D:\\code\\nogotochki\\server\\src\\__tests__\\helpers\\test.helper.ts:35:24)\n    at Function.createFullTestData (D:\\code\\nogotochki\\server\\src\\__tests__\\helpers\\test.helper.ts:158:20)\n    at Object.<anonymous> (D:\\code\\nogotochki\\server\\src\\__tests__\\masters.test.ts:12:16)"],"fullName":"Masters Routes DELETE /api/masters/can-do/:designId должен отклонить удаление несуществующего дизайна","invocations":1,"location":null,"numPassingAsserts":0,"retryReasons":[],"startAt":1750967373106,"status":"failed","title":"должен отклонить удаление несуществующего дизайна"},{"ancestorTitles":["Masters Routes","GET /api/masters/my-designs"],"duration":0,"failing":false,"failureDetails":[{"query":"INSERT INTO \"users\"(\"id\", \"email\", \"username\", \"password\", \"role\", \"isGuest\", \"avatar_url\", \"createdAt\", \"updatedAt\", \"fullName\", \"phone\", \"latitude\", \"longitude\", \"type\") VALUES (DEFAULT, $1, $2, $3, $4, $5, DEFAULT, DEFAULT, DEFAULT, $6, $7, $8, $9, $10) RETURNING \"id\", \"isGuest\", \"createdAt\", \"updatedAt\"","parameters":["test_client_1@test.com","test_client_1","$2b$12$WWZVvh6NEpfkGZZlk8NJKep9JW68ldhFrigAuqRcjzNM1dFxh2joe","client",false,"Test Client 1","+79000000001",55.7558,37.6176,"client"],"driverError":{"length":268,"name":"error","severity":"ОШИБКА","code":"22003","detail":"Поле с точностью 3, порядком 2 должно округляться до абсолютного значения меньше чем 10^1.","file":"numeric.c","line":"7987","routine":"apply_typmod"},"length":268,"severity":"ОШИБКА","code":"22003","detail":"Поле с точностью 3, порядком 2 должно округляться до абсолютного значения меньше чем 10^1.","file":"numeric.c","line":"7987","routine":"apply_typmod"}],"failureMessages":["QueryFailedError: переполнение поля numeric\n    at PostgresQueryRunner.query (D:\\code\\nogotochki\\server\\src\\driver\\postgres\\PostgresQueryRunner.ts:325:19)\n    at processTicksAndRejections (node:internal/process/task_queues:105:5)\n    at InsertQueryBuilder.execute (D:\\code\\nogotochki\\server\\src\\query-builder\\InsertQueryBuilder.ts:164:33)\n    at SubjectExecutor.executeInsertOperations (D:\\code\\nogotochki\\server\\src\\persistence\\SubjectExecutor.ts:435:42)\n    at SubjectExecutor.execute (D:\\code\\nogotochki\\server\\src\\persistence\\SubjectExecutor.ts:137:9)\n    at EntityPersistExecutor.execute (D:\\code\\nogotochki\\server\\src\\persistence\\EntityPersistExecutor.ts:182:21)\n    at Function.createTestClient (D:\\code\\nogotochki\\server\\src\\__tests__\\helpers\\test.helper.ts:35:24)\n    at Function.createFullTestData (D:\\code\\nogotochki\\server\\src\\__tests__\\helpers\\test.helper.ts:158:20)\n    at Object.<anonymous> (D:\\code\\nogotochki\\server\\src\\__tests__\\masters.test.ts:12:16)"],"fullName":"Masters Routes GET /api/masters/my-designs должен получить список дизайнов мастера","invocations":1,"location":null,"numPassingAsserts":0,"retryReasons":[],"startAt":1750967373106,"status":"failed","title":"должен получить список дизайнов мастера"},{"ancestorTitles":["Masters Routes","GET /api/masters/my-designs"],"duration":0,"failing":false,"failureDetails":[{"query":"INSERT INTO \"users\"(\"id\", \"email\", \"username\", \"password\", \"role\", \"isGuest\", \"avatar_url\", \"createdAt\", \"updatedAt\", \"fullName\", \"phone\", \"latitude\", \"longitude\", \"type\") VALUES (DEFAULT, $1, $2, $3, $4, $5, DEFAULT, DEFAULT, DEFAULT, $6, $7, $8, $9, $10) RETURNING \"id\", \"isGuest\", \"createdAt\", \"updatedAt\"","parameters":["test_client_1@test.com","test_client_1","$2b$12$WWZVvh6NEpfkGZZlk8NJKep9JW68ldhFrigAuqRcjzNM1dFxh2joe","client",false,"Test Client 1","+79000000001",55.7558,37.6176,"client"],"driverError":{"length":268,"name":"error","severity":"ОШИБКА","code":"22003","detail":"Поле с точностью 3, порядком 2 должно округляться до абсолютного значения меньше чем 10^1.","file":"numeric.c","line":"7987","routine":"apply_typmod"},"length":268,"severity":"ОШИБКА","code":"22003","detail":"Поле с точностью 3, порядком 2 должно округляться до абсолютного значения меньше чем 10^1.","file":"numeric.c","line":"7987","routine":"apply_typmod"}],"failureMessages":["QueryFailedError: переполнение поля numeric\n    at PostgresQueryRunner.query (D:\\code\\nogotochki\\server\\src\\driver\\postgres\\PostgresQueryRunner.ts:325:19)\n    at processTicksAndRejections (node:internal/process/task_queues:105:5)\n    at InsertQueryBuilder.execute (D:\\code\\nogotochki\\server\\src\\query-builder\\InsertQueryBuilder.ts:164:33)\n    at SubjectExecutor.executeInsertOperations (D:\\code\\nogotochki\\server\\src\\persistence\\SubjectExecutor.ts:435:42)\n    at SubjectExecutor.execute (D:\\code\\nogotochki\\server\\src\\persistence\\SubjectExecutor.ts:137:9)\n    at EntityPersistExecutor.execute (D:\\code\\nogotochki\\server\\src\\persistence\\EntityPersistExecutor.ts:182:21)\n    at Function.createTestClient (D:\\code\\nogotochki\\server\\src\\__tests__\\helpers\\test.helper.ts:35:24)\n    at Function.createFullTestData (D:\\code\\nogotochki\\server\\src\\__tests__\\helpers\\test.helper.ts:158:20)\n    at Object.<anonymous> (D:\\code\\nogotochki\\server\\src\\__tests__\\masters.test.ts:12:16)"],"fullName":"Masters Routes GET /api/masters/my-designs должен получить список с пагинацией","invocations":1,"location":null,"numPassingAsserts":0,"retryReasons":[],"startAt":1750967373106,"status":"failed","title":"должен получить список с пагинацией"},{"ancestorTitles":["Masters Routes","GET /api/masters/my-designs"],"duration":0,"failing":false,"failureDetails":[{"query":"INSERT INTO \"users\"(\"id\", \"email\", \"username\", \"password\", \"role\", \"isGuest\", \"avatar_url\", \"createdAt\", \"updatedAt\", \"fullName\", \"phone\", \"latitude\", \"longitude\", \"type\") VALUES (DEFAULT, $1, $2, $3, $4, $5, DEFAULT, DEFAULT, DEFAULT, $6, $7, $8, $9, $10) RETURNING \"id\", \"isGuest\", \"createdAt\", \"updatedAt\"","parameters":["test_client_1@test.com","test_client_1","$2b$12$WWZVvh6NEpfkGZZlk8NJKep9JW68ldhFrigAuqRcjzNM1dFxh2joe","client",false,"Test Client 1","+79000000001",55.7558,37.6176,"client"],"driverError":{"length":268,"name":"error","severity":"ОШИБКА","code":"22003","detail":"Поле с точностью 3, порядком 2 должно округляться до абсолютного значения меньше чем 10^1.","file":"numeric.c","line":"7987","routine":"apply_typmod"},"length":268,"severity":"ОШИБКА","code":"22003","detail":"Поле с точностью 3, порядком 2 должно округляться до абсолютного значения меньше чем 10^1.","file":"numeric.c","line":"7987","routine":"apply_typmod"}],"failureMessages":["QueryFailedError: переполнение поля numeric\n    at PostgresQueryRunner.query (D:\\code\\nogotochki\\server\\src\\driver\\postgres\\PostgresQueryRunner.ts:325:19)\n    at processTicksAndRejections (node:internal/process/task_queues:105:5)\n    at InsertQueryBuilder.execute (D:\\code\\nogotochki\\server\\src\\query-builder\\InsertQueryBuilder.ts:164:33)\n    at SubjectExecutor.executeInsertOperations (D:\\code\\nogotochki\\server\\src\\persistence\\SubjectExecutor.ts:435:42)\n    at SubjectExecutor.execute (D:\\code\\nogotochki\\server\\src\\persistence\\SubjectExecutor.ts:137:9)\n    at EntityPersistExecutor.execute (D:\\code\\nogotochki\\server\\src\\persistence\\EntityPersistExecutor.ts:182:21)\n    at Function.createTestClient (D:\\code\\nogotochki\\server\\src\\__tests__\\helpers\\test.helper.ts:35:24)\n    at Function.createFullTestData (D:\\code\\nogotochki\\server\\src\\__tests__\\helpers\\test.helper.ts:158:20)\n    at Object.<anonymous> (D:\\code\\nogotochki\\server\\src\\__tests__\\masters.test.ts:12:16)"],"fullName":"Masters Routes GET /api/masters/my-designs должен отклонить запрос от клиента","invocations":1,"location":null,"numPassingAsserts":0,"retryReasons":[],"startAt":1750967373106,"status":"failed","title":"должен отклонить запрос от клиента"},{"ancestorTitles":["Masters Routes","PUT /api/masters/can-do/:designId"],"duration":0,"failing":false,"failureDetails":[{"query":"INSERT INTO \"users\"(\"id\", \"email\", \"username\", \"password\", \"role\", \"isGuest\", \"avatar_url\", \"createdAt\", \"updatedAt\", \"fullName\", \"phone\", \"latitude\", \"longitude\", \"type\") VALUES (DEFAULT, $1, $2, $3, $4, $5, DEFAULT, DEFAULT, DEFAULT, $6, $7, $8, $9, $10) RETURNING \"id\", \"isGuest\", \"createdAt\", \"updatedAt\"","parameters":["test_client_1@test.com","test_client_1","$2b$12$WWZVvh6NEpfkGZZlk8NJKep9JW68ldhFrigAuqRcjzNM1dFxh2joe","client",false,"Test Client 1","+79000000001",55.7558,37.6176,"client"],"driverError":{"length":268,"name":"error","severity":"ОШИБКА","code":"22003","detail":"Поле с точностью 3, порядком 2 должно округляться до абсолютного значения меньше чем 10^1.","file":"numeric.c","line":"7987","routine":"apply_typmod"},"length":268,"severity":"ОШИБКА","code":"22003","detail":"Поле с точностью 3, порядком 2 должно округляться до абсолютного значения меньше чем 10^1.","file":"numeric.c","line":"7987","routine":"apply_typmod"}],"failureMessages":["QueryFailedError: переполнение поля numeric\n    at PostgresQueryRunner.query (D:\\code\\nogotochki\\server\\src\\driver\\postgres\\PostgresQueryRunner.ts:325:19)\n    at processTicksAndRejections (node:internal/process/task_queues:105:5)\n    at InsertQueryBuilder.execute (D:\\code\\nogotochki\\server\\src\\query-builder\\InsertQueryBuilder.ts:164:33)\n    at SubjectExecutor.executeInsertOperations (D:\\code\\nogotochki\\server\\src\\persistence\\SubjectExecutor.ts:435:42)\n    at SubjectExecutor.execute (D:\\code\\nogotochki\\server\\src\\persistence\\SubjectExecutor.ts:137:9)\n    at EntityPersistExecutor.execute (D:\\code\\nogotochki\\server\\src\\persistence\\EntityPersistExecutor.ts:182:21)\n    at Function.createTestClient (D:\\code\\nogotochki\\server\\src\\__tests__\\helpers\\test.helper.ts:35:24)\n    at Function.createFullTestData (D:\\code\\nogotochki\\server\\src\\__tests__\\helpers\\test.helper.ts:158:20)\n    at Object.<anonymous> (D:\\code\\nogotochki\\server\\src\\__tests__\\masters.test.ts:12:16)"],"fullName":"Masters Routes PUT /api/masters/can-do/:designId должен обновить информацию о дизайне","invocations":1,"location":null,"numPassingAsserts":0,"retryReasons":[],"startAt":1750967373107,"status":"failed","title":"должен обновить информацию о дизайне"},{"ancestorTitles":["Masters Routes","PUT /api/masters/can-do/:designId"],"duration":0,"failing":false,"failureDetails":[{"query":"INSERT INTO \"users\"(\"id\", \"email\", \"username\", \"password\", \"role\", \"isGuest\", \"avatar_url\", \"createdAt\", \"updatedAt\", \"fullName\", \"phone\", \"latitude\", \"longitude\", \"type\") VALUES (DEFAULT, $1, $2, $3, $4, $5, DEFAULT, DEFAULT, DEFAULT, $6, $7, $8, $9, $10) RETURNING \"id\", \"isGuest\", \"createdAt\", \"updatedAt\"","parameters":["test_client_1@test.com","test_client_1","$2b$12$WWZVvh6NEpfkGZZlk8NJKep9JW68ldhFrigAuqRcjzNM1dFxh2joe","client",false,"Test Client 1","+79000000001",55.7558,37.6176,"client"],"driverError":{"length":268,"name":"error","severity":"ОШИБКА","code":"22003","detail":"Поле с точностью 3, порядком 2 должно округляться до абсолютного значения меньше чем 10^1.","file":"numeric.c","line":"7987","routine":"apply_typmod"},"length":268,"severity":"ОШИБКА","code":"22003","detail":"Поле с точностью 3, порядком 2 должно округляться до абсолютного значения меньше чем 10^1.","file":"numeric.c","line":"7987","routine":"apply_typmod"}],"failureMessages":["QueryFailedError: переполнение поля numeric\n    at PostgresQueryRunner.query (D:\\code\\nogotochki\\server\\src\\driver\\postgres\\PostgresQueryRunner.ts:325:19)\n    at processTicksAndRejections (node:internal/process/task_queues:105:5)\n    at InsertQueryBuilder.execute (D:\\code\\nogotochki\\server\\src\\query-builder\\InsertQueryBuilder.ts:164:33)\n    at SubjectExecutor.executeInsertOperations (D:\\code\\nogotochki\\server\\src\\persistence\\SubjectExecutor.ts:435:42)\n    at SubjectExecutor.execute (D:\\code\\nogotochki\\server\\src\\persistence\\SubjectExecutor.ts:137:9)\n    at EntityPersistExecutor.execute (D:\\code\\nogotochki\\server\\src\\persistence\\EntityPersistExecutor.ts:182:21)\n    at Function.createTestClient (D:\\code\\nogotochki\\server\\src\\__tests__\\helpers\\test.helper.ts:35:24)\n    at Function.createFullTestData (D:\\code\\nogotochki\\server\\src\\__tests__\\helpers\\test.helper.ts:158:20)\n    at Object.<anonymous> (D:\\code\\nogotochki\\server\\src\\__tests__\\masters.test.ts:12:16)"],"fullName":"Masters Routes PUT /api/masters/can-do/:designId должен отклонить обновление несуществующего дизайна","invocations":1,"location":null,"numPassingAsserts":0,"retryReasons":[],"startAt":1750967373107,"status":"failed","title":"должен отклонить обновление несуществующего дизайна"},{"ancestorTitles":["Masters Routes","GET /api/masters/profile/:id"],"duration":0,"failing":false,"failureDetails":[{"query":"INSERT INTO \"users\"(\"id\", \"email\", \"username\", \"password\", \"role\", \"isGuest\", \"avatar_url\", \"createdAt\", \"updatedAt\", \"fullName\", \"phone\", \"latitude\", \"longitude\", \"type\") VALUES (DEFAULT, $1, $2, $3, $4, $5, DEFAULT, DEFAULT, DEFAULT, $6, $7, $8, $9, $10) RETURNING \"id\", \"isGuest\", \"createdAt\", \"updatedAt\"","parameters":["test_client_1@test.com","test_client_1","$2b$12$WWZVvh6NEpfkGZZlk8NJKep9JW68ldhFrigAuqRcjzNM1dFxh2joe","client",false,"Test Client 1","+79000000001",55.7558,37.6176,"client"],"driverError":{"length":268,"name":"error","severity":"ОШИБКА","code":"22003","detail":"Поле с точностью 3, порядком 2 должно округляться до абсолютного значения меньше чем 10^1.","file":"numeric.c","line":"7987","routine":"apply_typmod"},"length":268,"severity":"ОШИБКА","code":"22003","detail":"Поле с точностью 3, порядком 2 должно округляться до абсолютного значения меньше чем 10^1.","file":"numeric.c","line":"7987","routine":"apply_typmod"}],"failureMessages":["QueryFailedError: переполнение поля numeric\n    at PostgresQueryRunner.query (D:\\code\\nogotochki\\server\\src\\driver\\postgres\\PostgresQueryRunner.ts:325:19)\n    at processTicksAndRejections (node:internal/process/task_queues:105:5)\n    at InsertQueryBuilder.execute (D:\\code\\nogotochki\\server\\src\\query-builder\\InsertQueryBuilder.ts:164:33)\n    at SubjectExecutor.executeInsertOperations (D:\\code\\nogotochki\\server\\src\\persistence\\SubjectExecutor.ts:435:42)\n    at SubjectExecutor.execute (D:\\code\\nogotochki\\server\\src\\persistence\\SubjectExecutor.ts:137:9)\n    at EntityPersistExecutor.execute (D:\\code\\nogotochki\\server\\src\\persistence\\EntityPersistExecutor.ts:182:21)\n    at Function.createTestClient (D:\\code\\nogotochki\\server\\src\\__tests__\\helpers\\test.helper.ts:35:24)\n    at Function.createFullTestData (D:\\code\\nogotochki\\server\\src\\__tests__\\helpers\\test.helper.ts:158:20)\n    at Object.<anonymous> (D:\\code\\nogotochki\\server\\src\\__tests__\\masters.test.ts:12:16)"],"fullName":"Masters Routes GET /api/masters/profile/:id должен получить профиль мастера по ID","invocations":1,"location":null,"numPassingAsserts":0,"retryReasons":[],"startAt":1750967373107,"status":"failed","title":"должен получить профиль мастера по ID"},{"ancestorTitles":["Masters Routes","GET /api/masters/profile/:id"],"duration":0,"failing":false,"failureDetails":[{"query":"INSERT INTO \"users\"(\"id\", \"email\", \"username\", \"password\", \"role\", \"isGuest\", \"avatar_url\", \"createdAt\", \"updatedAt\", \"fullName\", \"phone\", \"latitude\", \"longitude\", \"type\") VALUES (DEFAULT, $1, $2, $3, $4, $5, DEFAULT, DEFAULT, DEFAULT, $6, $7, $8, $9, $10) RETURNING \"id\", \"isGuest\", \"createdAt\", \"updatedAt\"","parameters":["test_client_1@test.com","test_client_1","$2b$12$WWZVvh6NEpfkGZZlk8NJKep9JW68ldhFrigAuqRcjzNM1dFxh2joe","client",false,"Test Client 1","+79000000001",55.7558,37.6176,"client"],"driverError":{"length":268,"name":"error","severity":"ОШИБКА","code":"22003","detail":"Поле с точностью 3, порядком 2 должно округляться до абсолютного значения меньше чем 10^1.","file":"numeric.c","line":"7987","routine":"apply_typmod"},"length":268,"severity":"ОШИБКА","code":"22003","detail":"Поле с точностью 3, порядком 2 должно округляться до абсолютного значения меньше чем 10^1.","file":"numeric.c","line":"7987","routine":"apply_typmod"}],"failureMessages":["QueryFailedError: переполнение поля numeric\n    at PostgresQueryRunner.query (D:\\code\\nogotochki\\server\\src\\driver\\postgres\\PostgresQueryRunner.ts:325:19)\n    at processTicksAndRejections (node:internal/process/task_queues:105:5)\n    at InsertQueryBuilder.execute (D:\\code\\nogotochki\\server\\src\\query-builder\\InsertQueryBuilder.ts:164:33)\n    at SubjectExecutor.executeInsertOperations (D:\\code\\nogotochki\\server\\src\\persistence\\SubjectExecutor.ts:435:42)\n    at SubjectExecutor.execute (D:\\code\\nogotochki\\server\\src\\persistence\\SubjectExecutor.ts:137:9)\n    at EntityPersistExecutor.execute (D:\\code\\nogotochki\\server\\src\\persistence\\EntityPersistExecutor.ts:182:21)\n    at Function.createTestClient (D:\\code\\nogotochki\\server\\src\\__tests__\\helpers\\test.helper.ts:35:24)\n    at Function.createFullTestData (D:\\code\\nogotochki\\server\\src\\__tests__\\helpers\\test.helper.ts:158:20)\n    at Object.<anonymous> (D:\\code\\nogotochki\\server\\src\\__tests__\\masters.test.ts:12:16)"],"fullName":"Masters Routes GET /api/masters/profile/:id должен вернуть ошибку для несуществующего мастера","invocations":1,"location":null,"numPassingAsserts":0,"retryReasons":[],"startAt":1750967373107,"status":"failed","title":"должен вернуть ошибку для несуществующего мастера"},{"ancestorTitles":["Masters Routes","GET /api/masters/profile"],"duration":0,"failing":false,"failureDetails":[{"query":"INSERT INTO \"users\"(\"id\", \"email\", \"username\", \"password\", \"role\", \"isGuest\", \"avatar_url\", \"createdAt\", \"updatedAt\", \"fullName\", \"phone\", \"latitude\", \"longitude\", \"type\") VALUES (DEFAULT, $1, $2, $3, $4, $5, DEFAULT, DEFAULT, DEFAULT, $6, $7, $8, $9, $10) RETURNING \"id\", \"isGuest\", \"createdAt\", \"updatedAt\"","parameters":["test_client_1@test.com","test_client_1","$2b$12$WWZVvh6NEpfkGZZlk8NJKep9JW68ldhFrigAuqRcjzNM1dFxh2joe","client",false,"Test Client 1","+79000000001",55.7558,37.6176,"client"],"driverError":{"length":268,"name":"error","severity":"ОШИБКА","code":"22003","detail":"Поле с точностью 3, порядком 2 должно округляться до абсолютного значения меньше чем 10^1.","file":"numeric.c","line":"7987","routine":"apply_typmod"},"length":268,"severity":"ОШИБКА","code":"22003","detail":"Поле с точностью 3, порядком 2 должно округляться до абсолютного значения меньше чем 10^1.","file":"numeric.c","line":"7987","routine":"apply_typmod"}],"failureMessages":["QueryFailedError: переполнение поля numeric\n    at PostgresQueryRunner.query (D:\\code\\nogotochki\\server\\src\\driver\\postgres\\PostgresQueryRunner.ts:325:19)\n    at processTicksAndRejections (node:internal/process/task_queues:105:5)\n    at InsertQueryBuilder.execute (D:\\code\\nogotochki\\server\\src\\query-builder\\InsertQueryBuilder.ts:164:33)\n    at SubjectExecutor.executeInsertOperations (D:\\code\\nogotochki\\server\\src\\persistence\\SubjectExecutor.ts:435:42)\n    at SubjectExecutor.execute (D:\\code\\nogotochki\\server\\src\\persistence\\SubjectExecutor.ts:137:9)\n    at EntityPersistExecutor.execute (D:\\code\\nogotochki\\server\\src\\persistence\\EntityPersistExecutor.ts:182:21)\n    at Function.createTestClient (D:\\code\\nogotochki\\server\\src\\__tests__\\helpers\\test.helper.ts:35:24)\n    at Function.createFullTestData (D:\\code\\nogotochki\\server\\src\\__tests__\\helpers\\test.helper.ts:158:20)\n    at Object.<anonymous> (D:\\code\\nogotochki\\server\\src\\__tests__\\masters.test.ts:12:16)"],"fullName":"Masters Routes GET /api/masters/profile должен получить свой профиль авторизованным мастером","invocations":1,"location":null,"numPassingAsserts":0,"retryReasons":[],"startAt":1750967373107,"status":"failed","title":"должен получить свой профиль авторизованным мастером"},{"ancestorTitles":["Masters Routes","GET /api/masters/profile"],"duration":0,"failing":false,"failureDetails":[{"query":"INSERT INTO \"users\"(\"id\", \"email\", \"username\", \"password\", \"role\", \"isGuest\", \"avatar_url\", \"createdAt\", \"updatedAt\", \"fullName\", \"phone\", \"latitude\", \"longitude\", \"type\") VALUES (DEFAULT, $1, $2, $3, $4, $5, DEFAULT, DEFAULT, DEFAULT, $6, $7, $8, $9, $10) RETURNING \"id\", \"isGuest\", \"createdAt\", \"updatedAt\"","parameters":["test_client_1@test.com","test_client_1","$2b$12$WWZVvh6NEpfkGZZlk8NJKep9JW68ldhFrigAuqRcjzNM1dFxh2joe","client",false,"Test Client 1","+79000000001",55.7558,37.6176,"client"],"driverError":{"length":268,"name":"error","severity":"ОШИБКА","code":"22003","detail":"Поле с точностью 3, порядком 2 должно округляться до абсолютного значения меньше чем 10^1.","file":"numeric.c","line":"7987","routine":"apply_typmod"},"length":268,"severity":"ОШИБКА","code":"22003","detail":"Поле с точностью 3, порядком 2 должно округляться до абсолютного значения меньше чем 10^1.","file":"numeric.c","line":"7987","routine":"apply_typmod"}],"failureMessages":["QueryFailedError: переполнение поля numeric\n    at PostgresQueryRunner.query (D:\\code\\nogotochki\\server\\src\\driver\\postgres\\PostgresQueryRunner.ts:325:19)\n    at processTicksAndRejections (node:internal/process/task_queues:105:5)\n    at InsertQueryBuilder.execute (D:\\code\\nogotochki\\server\\src\\query-builder\\InsertQueryBuilder.ts:164:33)\n    at SubjectExecutor.executeInsertOperations (D:\\code\\nogotochki\\server\\src\\persistence\\SubjectExecutor.ts:435:42)\n    at SubjectExecutor.execute (D:\\code\\nogotochki\\server\\src\\persistence\\SubjectExecutor.ts:137:9)\n    at EntityPersistExecutor.execute (D:\\code\\nogotochki\\server\\src\\persistence\\EntityPersistExecutor.ts:182:21)\n    at Function.createTestClient (D:\\code\\nogotochki\\server\\src\\__tests__\\helpers\\test.helper.ts:35:24)\n    at Function.createFullTestData (D:\\code\\nogotochki\\server\\src\\__tests__\\helpers\\test.helper.ts:158:20)\n    at Object.<anonymous> (D:\\code\\nogotochki\\server\\src\\__tests__\\masters.test.ts:12:16)"],"fullName":"Masters Routes GET /api/masters/profile должен отклонить запрос без авторизации","invocations":1,"location":null,"numPassingAsserts":0,"retryReasons":[],"startAt":1750967373107,"status":"failed","title":"должен отклонить запрос без авторизации"},{"ancestorTitles":["Masters Routes","GET /api/masters/profile"],"duration":0,"failing":false,"failureDetails":[{"query":"INSERT INTO \"users\"(\"id\", \"email\", \"username\", \"password\", \"role\", \"isGuest\", \"avatar_url\", \"createdAt\", \"updatedAt\", \"fullName\", \"phone\", \"latitude\", \"longitude\", \"type\") VALUES (DEFAULT, $1, $2, $3, $4, $5, DEFAULT, DEFAULT, DEFAULT, $6, $7, $8, $9, $10) RETURNING \"id\", \"isGuest\", \"createdAt\", \"updatedAt\"","parameters":["test_client_1@test.com","test_client_1","$2b$12$WWZVvh6NEpfkGZZlk8NJKep9JW68ldhFrigAuqRcjzNM1dFxh2joe","client",false,"Test Client 1","+79000000001",55.7558,37.6176,"client"],"driverError":{"length":268,"name":"error","severity":"ОШИБКА","code":"22003","detail":"Поле с точностью 3, порядком 2 должно округляться до абсолютного значения меньше чем 10^1.","file":"numeric.c","line":"7987","routine":"apply_typmod"},"length":268,"severity":"ОШИБКА","code":"22003","detail":"Поле с точностью 3, порядком 2 должно округляться до абсолютного значения меньше чем 10^1.","file":"numeric.c","line":"7987","routine":"apply_typmod"}],"failureMessages":["QueryFailedError: переполнение поля numeric\n    at PostgresQueryRunner.query (D:\\code\\nogotochki\\server\\src\\driver\\postgres\\PostgresQueryRunner.ts:325:19)\n    at processTicksAndRejections (node:internal/process/task_queues:105:5)\n    at InsertQueryBuilder.execute (D:\\code\\nogotochki\\server\\src\\query-builder\\InsertQueryBuilder.ts:164:33)\n    at SubjectExecutor.executeInsertOperations (D:\\code\\nogotochki\\server\\src\\persistence\\SubjectExecutor.ts:435:42)\n    at SubjectExecutor.execute (D:\\code\\nogotochki\\server\\src\\persistence\\SubjectExecutor.ts:137:9)\n    at EntityPersistExecutor.execute (D:\\code\\nogotochki\\server\\src\\persistence\\EntityPersistExecutor.ts:182:21)\n    at Function.createTestClient (D:\\code\\nogotochki\\server\\src\\__tests__\\helpers\\test.helper.ts:35:24)\n    at Function.createFullTestData (D:\\code\\nogotochki\\server\\src\\__tests__\\helpers\\test.helper.ts:158:20)\n    at Object.<anonymous> (D:\\code\\nogotochki\\server\\src\\__tests__\\masters.test.ts:12:16)"],"fullName":"Masters Routes GET /api/masters/profile должен отклонить запрос от клиента","invocations":1,"location":null,"numPassingAsserts":0,"retryReasons":[],"startAt":1750967373107,"status":"failed","title":"должен отклонить запрос от клиента"},{"ancestorTitles":["Masters Routes","PUT /api/masters/profile"],"duration":0,"failing":false,"failureDetails":[{"query":"INSERT INTO \"users\"(\"id\", \"email\", \"username\", \"password\", \"role\", \"isGuest\", \"avatar_url\", \"createdAt\", \"updatedAt\", \"fullName\", \"phone\", \"latitude\", \"longitude\", \"type\") VALUES (DEFAULT, $1, $2, $3, $4, $5, DEFAULT, DEFAULT, DEFAULT, $6, $7, $8, $9, $10) RETURNING \"id\", \"isGuest\", \"createdAt\", \"updatedAt\"","parameters":["test_client_1@test.com","test_client_1","$2b$12$WWZVvh6NEpfkGZZlk8NJKep9JW68ldhFrigAuqRcjzNM1dFxh2joe","client",false,"Test Client 1","+79000000001",55.7558,37.6176,"client"],"driverError":{"length":268,"name":"error","severity":"ОШИБКА","code":"22003","detail":"Поле с точностью 3, порядком 2 должно округляться до абсолютного значения меньше чем 10^1.","file":"numeric.c","line":"7987","routine":"apply_typmod"},"length":268,"severity":"ОШИБКА","code":"22003","detail":"Поле с точностью 3, порядком 2 должно округляться до абсолютного значения меньше чем 10^1.","file":"numeric.c","line":"7987","routine":"apply_typmod"}],"failureMessages":["QueryFailedError: переполнение поля numeric\n    at PostgresQueryRunner.query (D:\\code\\nogotochki\\server\\src\\driver\\postgres\\PostgresQueryRunner.ts:325:19)\n    at processTicksAndRejections (node:internal/process/task_queues:105:5)\n    at InsertQueryBuilder.execute (D:\\code\\nogotochki\\server\\src\\query-builder\\InsertQueryBuilder.ts:164:33)\n    at SubjectExecutor.executeInsertOperations (D:\\code\\nogotochki\\server\\src\\persistence\\SubjectExecutor.ts:435:42)\n    at SubjectExecutor.execute (D:\\code\\nogotochki\\server\\src\\persistence\\SubjectExecutor.ts:137:9)\n    at EntityPersistExecutor.execute (D:\\code\\nogotochki\\server\\src\\persistence\\EntityPersistExecutor.ts:182:21)\n    at Function.createTestClient (D:\\code\\nogotochki\\server\\src\\__tests__\\helpers\\test.helper.ts:35:24)\n    at Function.createFullTestData (D:\\code\\nogotochki\\server\\src\\__tests__\\helpers\\test.helper.ts:158:20)\n    at Object.<anonymous> (D:\\code\\nogotochki\\server\\src\\__tests__\\masters.test.ts:12:16)"],"fullName":"Masters Routes PUT /api/masters/profile должен обновить профиль мастера","invocations":1,"location":null,"numPassingAsserts":0,"retryReasons":[],"startAt":1750967373107,"status":"failed","title":"должен обновить профиль мастера"},{"ancestorTitles":["Masters Routes","PUT /api/masters/profile"],"duration":1,"failing":false,"failureDetails":[{"query":"INSERT INTO \"users\"(\"id\", \"email\", \"username\", \"password\", \"role\", \"isGuest\", \"avatar_url\", \"createdAt\", \"updatedAt\", \"fullName\", \"phone\", \"latitude\", \"longitude\", \"type\") VALUES (DEFAULT, $1, $2, $3, $4, $5, DEFAULT, DEFAULT, DEFAULT, $6, $7, $8, $9, $10) RETURNING \"id\", \"isGuest\", \"createdAt\", \"updatedAt\"","parameters":["test_client_1@test.com","test_client_1","$2b$12$WWZVvh6NEpfkGZZlk8NJKep9JW68ldhFrigAuqRcjzNM1dFxh2joe","client",false,"Test Client 1","+79000000001",55.7558,37.6176,"client"],"driverError":{"length":268,"name":"error","severity":"ОШИБКА","code":"22003","detail":"Поле с точностью 3, порядком 2 должно округляться до абсолютного значения меньше чем 10^1.","file":"numeric.c","line":"7987","routine":"apply_typmod"},"length":268,"severity":"ОШИБКА","code":"22003","detail":"Поле с точностью 3, порядком 2 должно округляться до абсолютного значения меньше чем 10^1.","file":"numeric.c","line":"7987","routine":"apply_typmod"}],"failureMessages":["QueryFailedError: переполнение поля numeric\n    at PostgresQueryRunner.query (D:\\code\\nogotochki\\server\\src\\driver\\postgres\\PostgresQueryRunner.ts:325:19)\n    at processTicksAndRejections (node:internal/process/task_queues:105:5)\n    at InsertQueryBuilder.execute (D:\\code\\nogotochki\\server\\src\\query-builder\\InsertQueryBuilder.ts:164:33)\n    at SubjectExecutor.executeInsertOperations (D:\\code\\nogotochki\\server\\src\\persistence\\SubjectExecutor.ts:435:42)\n    at SubjectExecutor.execute (D:\\code\\nogotochki\\server\\src\\persistence\\SubjectExecutor.ts:137:9)\n    at EntityPersistExecutor.execute (D:\\code\\nogotochki\\server\\src\\persistence\\EntityPersistExecutor.ts:182:21)\n    at Function.createTestClient (D:\\code\\nogotochki\\server\\src\\__tests__\\helpers\\test.helper.ts:35:24)\n    at Function.createFullTestData (D:\\code\\nogotochki\\server\\src\\__tests__\\helpers\\test.helper.ts:158:20)\n    at Object.<anonymous> (D:\\code\\nogotochki\\server\\src\\__tests__\\masters.test.ts:12:16)"],"fullName":"Masters Routes PUT /api/masters/profile должен отклонить обновление с дублирующимся телефоном","invocations":1,"location":null,"numPassingAsserts":0,"retryReasons":[],"startAt":1750967373107,"status":
[...]
ymous> (D:\\code\\nogotochki\\server\\src\\__tests__\\orders.test.ts:12:16)"],"fullName":"Orders Routes GET /api/orders/:id должен вернуть ошибку для несуществующего заказа","invocations":1,"location":null,"numPassingAsserts":0,"retryReasons":[],"startAt":1750967373129,"status":"failed","title":"должен вернуть ошибку для несуществующего заказа"}],"endTime":1750967373157,"message":"  ● Orders Routes › POST /api/orders › должен создать новый заказ\n\n    QueryFailedError: переполнение поля numeric\n\n      at PostgresQueryRunner.query (src/driver/postgres/PostgresQueryRunner.ts:325:19)\n      at InsertQueryBuilder.execute (src/query-builder/InsertQueryBuilder.ts:164:33)\n      at SubjectExecutor.executeInsertOperations (src/persistence/SubjectExecutor.ts:435:42)\n      at SubjectExecutor.execute (src/persistence/SubjectExecutor.ts:137:9)\n      at EntityPersistExecutor.execute (src/persistence/EntityPersistExecutor.ts:182:21)\n      at Function.createTestClient (src/__tests__/helpers/test.helper.ts:35:24)\n      at Function.createFullTestData (src/__tests__/helpers/test.helper.ts:158:20)\n      at Object.<anonymous> (src/__tests__/orders.test.ts:12:16)\n\n  ● Orders Routes › POST /api/orders › должен отклонить заказ без авторизации\n\n    QueryFailedError: переполнение поля numeric\n\n      at PostgresQueryRunner.query (src/driver/postgres/PostgresQueryRunner.ts:325:19)\n      at InsertQueryBuilder.execute (src/query-builder/InsertQueryBuilder.ts:164:33)\n      at SubjectExecutor.executeInsertOperations (src/persistence/SubjectExecutor.ts:435:42)\n      at SubjectExecutor.execute (src/persistence/SubjectExecutor.ts:137:9)\n      at EntityPersistExecutor.execute (src/persistence/EntityPersistExecutor.ts:182:21)\n      at Function.createTestClient (src/__tests__/helpers/test.helper.ts:35:24)\n      at Function.createFullTestData (src/__tests__/helpers/test.helper.ts:158:20)\n      at Object.<anonymous> (src/__tests__/orders.test.ts:12:16)\n\n  ● Orders Routes › POST /api/orders › должен отклонить заказ от мастера\n\n    QueryFailedError: переполнение поля numeric\n\n      at PostgresQueryRunner.query (src/driver/postgres/PostgresQueryRunner.ts:325:19)\n      at InsertQueryBuilder.execute (src/query-builder/InsertQueryBuilder.ts:164:33)\n      at SubjectExecutor.executeInsertOperations (src/persistence/SubjectExecutor.ts:435:42)\n      at SubjectExecutor.execute (src/persistence/SubjectExecutor.ts:137:9)\n      at EntityPersistExecutor.execute (src/persistence/EntityPersistExecutor.ts:182:21)\n      at Function.createTestClient (src/__tests__/helpers/test.helper.ts:35:24)\n      at Function.createFullTestData (src/__tests__/helpers/test.helper.ts:158:20)\n      at Object.<anonymous> (src/__tests__/orders.test.ts:12:16)\n\n  ● Orders Routes › POST /api/orders › должен отклонить заказ с несуществующим мастером\n\n    QueryFailedError: переполнение поля numeric\n\n      at PostgresQueryRunner.query (src/driver/postgres/PostgresQueryRunner.ts:325:19)\n      at InsertQueryBuilder.execute (src/query-builder/InsertQueryBuilder.ts:164:33)\n      at SubjectExecutor.executeInsertOperations (src/persistence/SubjectExecutor.ts:435:42)\n      at SubjectExecutor.execute (src/persistence/SubjectExecutor.ts:137:9)\n      at EntityPersistExecutor.execute (src/persistence/EntityPersistExecutor.ts:182:21)\n      at Function.createTestClient (src/__tests__/helpers/test.helper.ts:35:24)\n      at Function.createFullTestData (src/__tests__/helpers/test.helper.ts:158:20)\n      at Object.<anonymous> (src/__tests__/orders.test.ts:12:16)\n\n  ● Orders Routes › POST /api/orders › должен отклонить заказ с несуществующим дизайном\n\n    QueryFailedError: переполнение поля numeric\n\n      at PostgresQueryRunner.query (src/driver/postgres/PostgresQueryRunner.ts:325:19)\n      at InsertQueryBuilder.execute (src/query-builder/InsertQueryBuilder.ts:164:33)\n      at SubjectExecutor.executeInsertOperations (src/persistence/SubjectExecutor.ts:435:42)\n      at SubjectExecutor.execute (src/persistence/SubjectExecutor.ts:137:9)\n      at EntityPersistExecutor.execute (src/persistence/EntityPersistExecutor.ts:182:21)\n      at Function.createTestClient (src/__tests__/helpers/test.helper.ts:35:24)\n      at Function.createFullTestData (src/__tests__/helpers/test.helper.ts:158:20)\n      at Object.<anonymous> (src/__tests__/orders.test.ts:12:16)\n\n  ● Orders Routes › POST /api/orders › должен отклонить заказ на время в прошлом\n\n    QueryFailedError: переполнение поля numeric\n\n      at PostgresQueryRunner.query (src/driver/postgres/PostgresQueryRunner.ts:325:19)\n      at InsertQueryBuilder.execute (src/query-builder/InsertQueryBuilder.ts:164:33)\n      at SubjectExecutor.executeInsertOperations (src/persistence/SubjectExecutor.ts:435:42)\n      at SubjectExecutor.execute (src/persistence/SubjectExecutor.ts:137:9)\n      at EntityPersistExecutor.execute (src/persistence/EntityPersistExecutor.ts:182:21)\n      at Function.createTestClient (src/__tests__/helpers/test.helper.ts:35:24)\n      at Function.createFullTestData (src/__tests__/helpers/test.helper.ts:158:20)\n      at Object.<anonymous> (src/__tests__/orders.test.ts:12:16)\n\n  ● Orders Routes › PUT /api/orders/:id/confirm › должен подтвердить заказ мастером\n\n    QueryFailedError: переполнение поля numeric\n\n      at PostgresQueryRunner.query (src/driver/postgres/PostgresQueryRunner.ts:325:19)\n      at InsertQueryBuilder.execute (src/query-builder/InsertQueryBuilder.ts:164:33)\n      at SubjectExecutor.executeInsertOperations (src/persistence/SubjectExecutor.ts:435:42)\n      at SubjectExecutor.execute (src/persistence/SubjectExecutor.ts:137:9)\n      at EntityPersistExecutor.execute (src/persistence/EntityPersistExecutor.ts:182:21)\n      at Function.createTestClient (src/__tests__/helpers/test.helper.ts:35:24)\n      at Function.createFullTestData (src/__tests__/helpers/test.helper.ts:158:20)\n      at Object.<anonymous> (src/__tests__/orders.test.ts:12:16)\n\n  ● Orders Routes › PUT /api/orders/:id/confirm › должен отклонить подтверждение заказа клиентом\n\n    QueryFailedError: переполнение поля numeric\n\n      at PostgresQueryRunner.query (src/driver/postgres/PostgresQueryRunner.ts:325:19)\n      at InsertQueryBuilder.execute (src/query-builder/InsertQueryBuilder.ts:164:33)\n      at SubjectExecutor.executeInsertOperations (src/persistence/SubjectExecutor.ts:435:42)\n      at SubjectExecutor.execute (src/persistence/SubjectExecutor.ts:137:9)\n      at EntityPersistExecutor.execute (src/persistence/EntityPersistExecutor.ts:182:21)\n      at Function.createTestClient (src/__tests__/helpers/test.helper.ts:35:24)\n      at Function.createFullTestData (src/__tests__/helpers/test.helper.ts:158:20)\n      at Object.<anonymous> (src/__tests__/orders.test.ts:12:16)\n\n  ● Orders Routes › PUT /api/orders/:id/confirm › должен отклонить подтверждение несуществующего заказа\n\n    QueryFailedError: переполнение поля numeric\n\n      at PostgresQueryRunner.query (src/driver/postgres/PostgresQueryRunner.ts:325:19)\n      at InsertQueryBuilder.execute (src/query-builder/InsertQueryBuilder.ts:164:33)\n      at SubjectExecutor.executeInsertOperations (src/persistence/SubjectExecutor.ts:435:42)\n      at SubjectExecutor.execute (src/persistence/SubjectExecutor.ts:137:9)\n      at EntityPersistExecutor.execute (src/persistence/EntityPersistExecutor.ts:182:21)\n      at Function.createTestClient (src/__tests__/helpers/test.helper.ts:35:24)\n      at Function.createFullTestData (src/__tests__/helpers/test.helper.ts:158:20)\n      at Object.<anonymous> (src/__tests__/orders.test.ts:12:16)\n\n  ● Orders Routes › PUT /api/orders/:id/propose-time › должен предложить альтернативное время\n\n    QueryFailedError: переполнение поля numeric\n\n      at PostgresQueryRunner.query (src/driver/postgres/PostgresQueryRunner.ts:325:19)\n      at InsertQueryBuilder.execute (src/query-builder/InsertQueryBuilder.ts:164:33)\n      at SubjectExecutor.executeInsertOperations (src/persistence/SubjectExecutor.ts:435:42)\n      at SubjectExecutor.execute (src/persistence/SubjectExecutor.ts:137:9)\n      at EntityPersistExecutor.execute (src/persistence/EntityPersistExecutor.ts:182:21)\n      at Function.createTestClient (src/__tests__/helpers/test.helper.ts:35:24)\n      at Function.createFullTestData (src/__tests__/helpers/test.helper.ts:158:20)\n      at Object.<anonymous> (src/__tests__/orders.test.ts:12:16)\n\n  ● Orders Routes › PUT /api/orders/:id/propose-time › должен отклонить предложение времени без даты\n\n    QueryFailedError: переполнение поля numeric\n\n      at PostgresQueryRunner.query (src/driver/postgres/PostgresQueryRunner.ts:325:19)\n      at InsertQueryBuilder.execute (src/query-builder/InsertQueryBuilder.ts:164:33)\n      at SubjectExecutor.executeInsertOperations (src/persistence/SubjectExecutor.ts:435:42)\n      at SubjectExecutor.execute (src/persistence/SubjectExecutor.ts:137:9)\n      at EntityPersistExecutor.execute (src/persistence/EntityPersistExecutor.ts:182:21)\n      at Function.createTestClient (src/__tests__/helpers/test.helper.ts:35:24)\n      at Function.createFullTestData (src/__tests__/helpers/test.helper.ts:158:20)\n      at Object.<anonymous> (src/__tests__/orders.test.ts:12:16)\n\n  ● Orders Routes › PUT /api/orders/:id/propose-time › должен отклонить предложение времени в прошлом\n\n    QueryFailedError: переполнение поля numeric\n\n      at PostgresQueryRunner.query (src/driver/postgres/PostgresQueryRunner.ts:325:19)\n      at InsertQueryBuilder.execute (src/query-builder/InsertQueryBuilder.ts:164:33)\n      at SubjectExecutor.executeInsertOperations (src/persistence/SubjectExecutor.ts:435:42)\n      at SubjectExecutor.execute (src/persistence/SubjectExecutor.ts:137:9)\n      at EntityPersistExecutor.execute (src/persistence/EntityPersistExecutor.ts:182:21)\n      at Function.createTestClient (src/__tests__/helpers/test.helper.ts:35:24)\n      at Function.createFullTestData (src/__tests__/helpers/test.helper.ts:158:20)\n      at Object.<anonymous> (src/__tests__/orders.test.ts:12:16)\n\n  ● Orders Routes › PUT /api/orders/:id/decline › должен отклонить заказ мастером\n\n    QueryFailedError: переполнение поля numeric\n\n      at PostgresQueryRunner.query (src/driver/postgres/PostgresQueryRunner.ts:325:19)\n      at InsertQueryBuilder.execute (src/query-builder/InsertQueryBuilder.ts:164:33)\n      at SubjectExecutor.executeInsertOperations (src/persistence/SubjectExecutor.ts:435:42)\n      at SubjectExecutor.execute (src/persistence/SubjectExecutor.ts:137:9)\n      at EntityPersistExecutor.execute (src/persistence/EntityPersistExecutor.ts:182:21)\n      at Function.createTestClient (src/__tests__/helpers/test.helper.ts:35:24)\n      at Function.createFullTestData (src/__tests__/helpers/test.helper.ts:158:20)\n      at Object.<anonymous> (src/__tests__/orders.test.ts:12:16)\n\n  ● Orders Routes › PUT /api/orders/:id/decline › должен отклонить отклонение заказа клиентом\n\n    QueryFailedError: переполнение поля numeric\n\n      at PostgresQueryRunner.query (src/driver/postgres/PostgresQueryRunner.ts:325:19)\n      at InsertQueryBuilder.execute (src/query-builder/InsertQueryBuilder.ts:164:33)\n      at SubjectExecutor.executeInsertOperations (src/persistence/SubjectExecutor.ts:435:42)\n      at SubjectExecutor.execute (src/persistence/SubjectExecutor.ts:137:9)\n      at EntityPersistExecutor.execute (src/persistence/EntityPersistExecutor.ts:182:21)\n      at Function.createTestClient (src/__tests__/helpers/test.helper.ts:35:24)\n      at Function.createFullTestData (src/__tests__/helpers/test.helper.ts:158:20)\n      at Object.<anonymous> (src/__tests__/orders.test.ts:12:16)\n\n  ● Orders Routes › PUT /api/orders/:id/accept-proposed-time › должен принять предложенное время клиентом\n\n    QueryFailedError: переполнение поля numeric\n\n      at PostgresQueryRunner.query (src/driver/postgres/PostgresQueryRunner.ts:325:19)\n      at InsertQueryBuilder.execute (src/query-builder/InsertQueryBuilder.ts:164:33)\n      at SubjectExecutor.executeInsertOperations (src/persistence/SubjectExecutor.ts:435:42)\n      at SubjectExecutor.execute (src/persistence/SubjectExecutor.ts:137:9)\n      at EntityPersistExecutor.execute (src/persistence/EntityPersistExecutor.ts:182:21)\n      at Function.createTestClient (src/__tests__/helpers/test.helper.ts:35:24)\n      at Function.createFullTestData (src/__tests__/helpers/test.helper.ts:158:20)\n      at Object.<anonymous> (src/__tests__/orders.test.ts:12:16)\n\n  ● Orders Routes › PUT /api/orders/:id/accept-proposed-time › должен отклонить принятие времени мастером\n\n    QueryFailedError: переполнение поля numeric\n\n      at PostgresQueryRunner.query (src/driver/postgres/PostgresQueryRunner.ts:325:19)\n      at InsertQueryBuilder.execute (src/query-builder/InsertQueryBuilder.ts:164:33)\n      at SubjectExecutor.executeInsertOperations (src/persistence/SubjectExecutor.ts:435:42)\n      at SubjectExecutor.execute (src/persistence/SubjectExecutor.ts:137:9)\n      at EntityPersistExecutor.execute (src/persistence/EntityPersistExecutor.ts:182:21)\n      at Function.createTestClient (src/__tests__/helpers/test.helper.ts:35:24)\n      at Function.createFullTestData (src/__tests__/helpers/test.helper.ts:158:20)\n      at Object.<anonymous> (src/__tests__/orders.test.ts:12:16)\n\n  ● Orders Routes › PUT /api/orders/:id/accept-proposed-time › должен отклонить принятие времени для заказа без предложения\n\n    QueryFailedError: переполнение поля numeric\n\n      at PostgresQueryRunner.query (src/driver/postgres/PostgresQueryRunner.ts:325:19)\n      at InsertQueryBuilder.execute (src/query-builder/InsertQueryBuilder.ts:164:33)\n      at SubjectExecutor.executeInsertOperations (src/persistence/SubjectExecutor.ts:435:42)\n      at SubjectExecutor.execute (src/persistence/SubjectExecutor.ts:137:9)\n      at EntityPersistExecutor.execute (src/persistence/EntityPersistExecutor.ts:182:21)\n      at Function.createTestClient (src/__tests__/helpers/test.helper.ts:35:24)\n      at Function.createFullTestData (src/__tests__/helpers/test.helper.ts:158:20)\n      at Object.<anonymous> (src/__tests__/orders.test.ts:12:16)\n\n  ● Orders Routes › GET /api/orders › должен получить список заказов клиента\n\n    QueryFailedError: переполнение поля numeric\n\n      at PostgresQueryRunner.query (src/driver/postgres/PostgresQueryRunner.ts:325:19)\n      at InsertQueryBuilder.execute (src/query-builder/InsertQueryBuilder.ts:164:33)\n      at SubjectExecutor.executeInsertOperations (src/persistence/SubjectExecutor.ts:435:42)\n      at SubjectExecutor.execute (src/persistence/SubjectExecutor.ts:137:9)\n      at EntityPersistExecutor.execute (src/persistence/EntityPersistExecutor.ts:182:21)\n      at Function.createTestClient (src/__tests__/helpers/test.helper.ts:35:24)\n      at Function.createFullTestData (src/__tests__/helpers/test.helper.ts:158:20)\n      at Object.<anonymous> (src/__tests__/orders.test.ts:12:16)\n\n  ● Orders Routes › GET /api/orders › должен получить список заказов мастера\n\n    QueryFailedError: переполнение поля numeric\n\n      at PostgresQueryRunner.query (src/driver/postgres/PostgresQueryRunner.ts:325:19)\n      at InsertQueryBuilder.execute (src/query-builder/InsertQueryBuilder.ts:164:33)\n      at SubjectExecutor.executeInsertOperations (src/persistence/SubjectExecutor.ts:435:42)\n      at SubjectExecutor.execute (src/persistence/SubjectExecutor.ts:137:9)\n      at EntityPersistExecutor.execute (src/persistence/EntityPersistExecutor.ts:182:21)\n      at Function.createTestClient (src/__tests__/helpers/test.helper.ts:35:24)\n      at Function.createFullTestData (src/__tests__/helpers/test.helper.ts:158:20)\n      at Object.<anonymous> (src/__tests__/orders.test.ts:12:16)\n\n  ● Orders Routes › GET /api/orders › должен отклонить запрос без авторизации\n\n    QueryFailedError: переполнение поля numeric\n\n      at PostgresQueryRunner.query (src/driver/postgres/PostgresQueryRunner.ts:325:19)\n      at InsertQueryBuilder.execute (src/query-builder/InsertQueryBuilder.ts:164:33)\n      at SubjectExecutor.executeInsertOperations (src/persistence/SubjectExecutor.ts:435:42)\n      at SubjectExecutor.execute (src/persistence/SubjectExecutor.ts:137:9)\n      at EntityPersistExecutor.execute (src/persistence/EntityPersistExecutor.ts:182:21)\n      at Function.createTestClient (src/__tests__/helpers/test.helper.ts:35:24)\n      at Function.createFullTestData (src/__tests__/helpers/test.helper.ts:158:20)\n      at Object.<anonymous> (src/__tests__/orders.test.ts:12:16)\n\n  ● Orders Routes › GET /api/orders/:id › должен получить детали заказа клиентом\n\n    QueryFailedError: переполнение поля numeric\n\n      at PostgresQueryRunner.query (src/driver/postgres/PostgresQueryRunner.ts:325:19)\n      at InsertQueryBuilder.execute (src/query-builder/InsertQueryBuilder.ts:164:33)\n      at SubjectExecutor.executeInsertOperations (src/persistence/SubjectExecutor.ts:435:42)\n      at SubjectExecutor.execute (src/persistence/SubjectExecutor.ts:137:9)\n      at EntityPersistExecutor.execute (src/persistence/EntityPersistExecutor.ts:182:21)\n      at Function.createTestClient (src/__tests__/helpers/test.helper.ts:35:24)\n      at Function.createFullTestData (src/__tests__/helpers/test.helper.ts:158:20)\n      at Object.<anonymous> (src/__tests__/orders.test.ts:12:16)\n\n  ● Orders Routes › GET /api/orders/:id › должен получить детали заказа мастером\n\n    QueryFailedError: переполнение поля numeric\n\n      at PostgresQueryRunner.query (src/driver/postgres/PostgresQueryRunner.ts:325:19)\n      at InsertQueryBuilder.execute (src/query-builder/InsertQueryBuilder.ts:164:33)\n      at SubjectExecutor.executeInsertOperations (src/persistence/SubjectExecutor.ts:435:42)\n      at SubjectExecutor.execute (src/persistence/SubjectExecutor.ts:137:9)\n      at EntityPersistExecutor.execute (src/persistence/EntityPersistExecutor.ts:182:21)\n      at Function.createTestClient (src/__tests__/helpers/test.helper.ts:35:24)\n      at Function.createFullTestData (src/__tests__/helpers/test.helper.ts:158:20)\n      at Object.<anonymous> (src/__tests__/orders.test.ts:12:16)\n\n  ● Orders Routes › GET /api/orders/:id › должен отклонить доступ к чужому заказу\n\n    QueryFailedError: переполнение поля numeric\n\n      at PostgresQueryRunner.query (src/driver/postgres/PostgresQueryRunner.ts:325:19)\n      at InsertQueryBuilder.execute (src/query-builder/InsertQueryBuilder.ts:164:33)\n      at SubjectExecutor.executeInsertOperations (src/persistence/SubjectExecutor.ts:435:42)\n      at SubjectExecutor.execute (src/persistence/SubjectExecutor.ts:137:9)\n      at EntityPersistExecutor.execute (src/persistence/EntityPersistExecutor.ts:182:21)\n      at Function.createTestClient (src/__tests__/helpers/test.helper.ts:35:24)\n      at Function.createFullTestData (src/__tests__/helpers/test.helper.ts:158:20)\n      at Object.<anonymous> (src/__tests__/orders.test.ts:12:16)\n\n  ● Orders Routes › GET /api/orders/:id › должен вернуть ошибку для несуществующего заказа\n\n    QueryFailedError: переполнение поля numeric\n\n      at PostgresQueryRunner.query (src/driver/postgres/PostgresQueryRunner.ts:325:19)\n      at InsertQueryBuilder.execute (src/query-builder/InsertQueryBuilder.ts:164:33)\n      at SubjectExecutor.executeInsertOperations (src/persistence/SubjectExecutor.ts:435:42)\n      at SubjectExecutor.execute (src/persistence/SubjectExecutor.ts:137:9)\n      at EntityPersistExecutor.execute (src/persistence/EntityPersistExecutor.ts:182:21)\n      at Function.createTestClient (src/__tests__/helpers/test.helper.ts:35:24)\n      at Function.createFullTestData (src/__tests__/helpers/test.helper.ts:158:20)\n      at Object.<anonymous> (src/__tests__/orders.test.ts:12:16)\n","name":"D:\\code\\nogotochki\\server\\src\\__tests__\\orders.test.ts","startTime":1750967369192,"status":"failed","summary":""}],"wasInterrupted":false}
